[ 2012-09-21T18:16:44+08:00 ] /Ibike/ | INFO: Tag[ app_begin ] --START--
[ 2012-09-21T18:16:44+08:00 ] /Ibike/ | INFO: Run ReadHtmlCache Behavior [ RunTime:0.001184s ]
[ 2012-09-21T18:16:44+08:00 ] /Ibike/ | INFO: Tag[ app_begin ] --END-- [ RunTime:0.001326s ]
[ 2012-09-21T18:16:44+08:00 ] /Ibike/ | SQL: SHOW COLUMNS FROM `think_user` [ RunTime:0.076464s ]
[ 2012-09-21T18:16:44+08:00 ] /Ibike/ | NOTIC: [8] Use of undefined constant ‚ÄúPage‚Äù - assumed '‚ÄúPage‚Äù' IndexAction.class.php Á¨¨ 8 Ë°å.
[ 2012-09-21T18:16:44+08:00 ] /Ibike/ | SQL: SELECT COUNT(*) AS tp_count FROM `think_user` LIMIT 1   [ RunTime:0.001977s ]
[ 2012-09-21T18:16:44+08:00 ] /Ibike/ | SQL: SELECT * FROM `think_user` LIMIT 0,5   [ RunTime:0.013185s ]
[ 2012-09-21T18:16:44+08:00 ] /Ibike/ | INFO: Tag[ view_template ] --START--
[ 2012-09-21T18:16:44+08:00 ] /Ibike/ | INFO: Run LocationTemplate Behavior [ RunTime:0.044911s ]
[ 2012-09-21T18:16:44+08:00 ] /Ibike/ | INFO: Tag[ view_template ] --END-- [ RunTime:0.045169s ]
[ 2012-09-21T18:16:44+08:00 ] /Ibike/ | INFO: Tag[ view_parse ] --START--
[ 2012-09-21T18:16:44+08:00 ] /Ibike/ | INFO: Run ParseTemplate Behavior [ RunTime:0.139905s ]
[ 2012-09-21T18:16:44+08:00 ] /Ibike/ | INFO: Tag[ view_parse ] --END-- [ RunTime:0.140052s ]
[ 2012-09-21T18:16:44+08:00 ] /Ibike/ | INFO: Tag[ view_filter ] --START--
[ 2012-09-21T18:16:44+08:00 ] /Ibike/ | INFO: Run ContentReplace Behavior [ RunTime:0.009840s ]
[ 2012-09-21T18:16:44+08:00 ] /Ibike/ | INFO: Run TokenBuild Behavior [ RunTime:0.004195s ]
[ 2012-09-21T18:16:44+08:00 ] /Ibike/ | INFO: Run WriteHtmlCache Behavior [ RunTime:0.015614s ]
[ 2012-09-21T18:16:44+08:00 ] /Ibike/ | INFO: Run ShowRuntime Behavior [ RunTime:0.001251s ]
[ 2012-09-21T18:16:44+08:00 ] /Ibike/ | INFO: Tag[ view_filter ] --END-- [ RunTime:0.031227s ]
[ 2012-09-21T18:16:44+08:00 ] /Ibike/ | INFO: Tag[ view_end ] --START--
[ 2012-09-21T18:16:44+08:00 ] /Ibike/ | INFO: Run ShowPageTrace Behavior [ RunTime:0.012892s ]
[ 2012-09-21T18:16:44+08:00 ] /Ibike/ | INFO: Tag[ view_end ] --END-- [ RunTime:0.013015s ]
[ 2012-09-21T18:16:44+08:00 ] /Ibike/index.php/Public/verify | INFO: Tag[ route_check ] --START--
[ 2012-09-21T18:16:44+08:00 ] /Ibike/index.php/Public/verify | INFO: Run CheckRoute Behavior [ RunTime:0.028710s ]
[ 2012-09-21T18:16:44+08:00 ] /Ibike/index.php/Public/verify | INFO: Tag[ route_check ] --END-- [ RunTime:0.028853s ]
[ 2012-09-21T18:16:44+08:00 ] /Ibike/index.php/Public/verify | INFO: Tag[ app_begin ] --START--
[ 2012-09-21T18:16:44+08:00 ] /Ibike/index.php/Public/verify | INFO: Run ReadHtmlCache Behavior [ RunTime:0.000846s ]
[ 2012-09-21T18:16:44+08:00 ] /Ibike/index.php/Public/verify | INFO: Tag[ app_begin ] --END-- [ RunTime:0.000928s ]
[ 2012-09-21T18:16:44+08:00 ] /Ibike/index.php/Public/verify | NOTIC: [8] Use of undefined constant png - assumed 'png' PublicAction.class.php Á¨¨ 8 Ë°å.
[ 2012-09-21T18:16:50+08:00 ] /Ibike/ | ERR: (ThinkException) ”…”⁄¡¨Ω”∑Ω‘⁄“ª∂Œ ±º‰∫Û√ª”–’˝»∑¥∏¥ªÚ¡¨Ω”µƒ÷˜ª˙√ª”–∑¥”¶£¨¡¨Ω”≥¢ ‘ ß∞‹°£

[ 2012-09-21T18:16:54+08:00 ] /Ibike/?5=&p=7 | INFO: Tag[ app_begin ] --START--
[ 2012-09-21T18:16:54+08:00 ] /Ibike/?5=&p=7 | INFO: Run ReadHtmlCache Behavior [ RunTime:0.000782s ]
[ 2012-09-21T18:16:54+08:00 ] /Ibike/?5=&p=7 | INFO: Tag[ app_begin ] --END-- [ RunTime:0.000926s ]
[ 2012-09-21T18:16:54+08:00 ] /Ibike/?5=&p=7 | SQL: SHOW COLUMNS FROM `think_user` [ RunTime:0.007807s ]
[ 2012-09-21T18:16:54+08:00 ] /Ibike/?5=&p=7 | NOTIC: [8] Use of undefined constant ‚ÄúPage‚Äù - assumed '‚ÄúPage‚Äù' IndexAction.class.php Á¨¨ 8 Ë°å.
[ 2012-09-21T18:16:54+08:00 ] /Ibike/?5=&p=7 | SQL: SELECT COUNT(*) AS tp_count FROM `think_user` LIMIT 1   [ RunTime:0.000615s ]
[ 2012-09-21T18:16:54+08:00 ] /Ibike/?5=&p=7 | SQL: SELECT * FROM `think_user` LIMIT 30,5   [ RunTime:0.001199s ]
[ 2012-09-21T18:16:54+08:00 ] /Ibike/?5=&p=7 | INFO: Tag[ view_template ] --START--
[ 2012-09-21T18:16:54+08:00 ] /Ibike/?5=&p=7 | INFO: Run LocationTemplate Behavior [ RunTime:0.000726s ]
[ 2012-09-21T18:16:54+08:00 ] /Ibike/?5=&p=7 | INFO: Tag[ view_template ] --END-- [ RunTime:0.000831s ]
[ 2012-09-21T18:16:54+08:00 ] /Ibike/?5=&p=7 | INFO: Tag[ view_parse ] --START--
[ 2012-09-21T18:16:54+08:00 ] /Ibike/?5=&p=7 | INFO: Run ParseTemplate Behavior [ RunTime:0.011036s ]
[ 2012-09-21T18:16:54+08:00 ] /Ibike/?5=&p=7 | INFO: Tag[ view_parse ] --END-- [ RunTime:0.011145s ]
[ 2012-09-21T18:16:54+08:00 ] /Ibike/?5=&p=7 | INFO: Tag[ view_filter ] --START--
[ 2012-09-21T18:16:54+08:00 ] /Ibike/?5=&p=7 | INFO: Run ContentReplace Behavior [ RunTime:0.000601s ]
[ 2012-09-21T18:16:54+08:00 ] /Ibike/?5=&p=7 | INFO: Run TokenBuild Behavior [ RunTime:0.000878s ]
[ 2012-09-21T18:16:54+08:00 ] /Ibike/?5=&p=7 | INFO: Run WriteHtmlCache Behavior [ RunTime:0.000492s ]
[ 2012-09-21T18:16:54+08:00 ] /Ibike/?5=&p=7 | INFO: Run ShowRuntime Behavior [ RunTime:0.000661s ]
[ 2012-09-21T18:16:54+08:00 ] /Ibike/?5=&p=7 | INFO: Tag[ view_filter ] --END-- [ RunTime:0.002873s ]
[ 2012-09-21T18:16:54+08:00 ] /Ibike/?5=&p=7 | INFO: Tag[ view_end ] --START--
[ 2012-09-21T18:16:54+08:00 ] /Ibike/?5=&p=7 | INFO: Run ShowPageTrace Behavior [ RunTime:0.000734s ]
[ 2012-09-21T18:16:54+08:00 ] /Ibike/?5=&p=7 | INFO: Tag[ view_end ] --END-- [ RunTime:0.000816s ]
[ 2012-09-21T18:16:54+08:00 ] /Ibike/index.php/Public/verify | INFO: Tag[ route_check ] --START--
[ 2012-09-21T18:16:54+08:00 ] /Ibike/index.php/Public/verify | INFO: Run CheckRoute Behavior [ RunTime:0.001033s ]
[ 2012-09-21T18:16:54+08:00 ] /Ibike/index.php/Public/verify | INFO: Tag[ route_check ] --END-- [ RunTime:0.001166s ]
[ 2012-09-21T18:16:54+08:00 ] /Ibike/index.php/Public/verify | INFO: Tag[ app_begin ] --START--
[ 2012-09-21T18:16:54+08:00 ] /Ibike/index.php/Public/verify | INFO: Run ReadHtmlCache Behavior [ RunTime:0.000810s ]
[ 2012-09-21T18:16:54+08:00 ] /Ibike/index.php/Public/verify | INFO: Tag[ app_begin ] --END-- [ RunTime:0.000891s ]
[ 2012-09-21T18:16:54+08:00 ] /Ibike/index.php/Public/verify | NOTIC: [8] Use of undefined constant png - assumed 'png' PublicAction.class.php Á¨¨ 8 Ë°å.
[ 2012-09-21T18:17:07+08:00 ] /Ibike/?5=&p=8 | INFO: Tag[ app_begin ] --START--
[ 2012-09-21T18:17:07+08:00 ] /Ibike/?5=&p=8 | INFO: Run ReadHtmlCache Behavior [ RunTime:0.001021s ]
[ 2012-09-21T18:17:07+08:00 ] /Ibike/?5=&p=8 | INFO: Tag[ app_begin ] --END-- [ RunTime:0.001200s ]
[ 2012-09-21T18:17:07+08:00 ] /Ibike/?5=&p=8 | SQL: SHOW COLUMNS FROM `think_user` [ RunTime:0.007419s ]
[ 2012-09-21T18:17:07+08:00 ] /Ibike/?5=&p=8 | NOTIC: [8] Use of undefined constant ‚ÄúPage‚Äù - assumed '‚ÄúPage‚Äù' IndexAction.class.php Á¨¨ 8 Ë°å.
[ 2012-09-21T18:17:07+08:00 ] /Ibike/?5=&p=8 | SQL: SELECT COUNT(*) AS tp_count FROM `think_user` LIMIT 1   [ RunTime:0.000571s ]
[ 2012-09-21T18:17:07+08:00 ] /Ibike/?5=&p=8 | SQL: SELECT * FROM `think_user` LIMIT 35,5   [ RunTime:0.001399s ]
[ 2012-09-21T18:17:07+08:00 ] /Ibike/?5=&p=8 | INFO: Tag[ view_template ] --START--
[ 2012-09-21T18:17:07+08:00 ] /Ibike/?5=&p=8 | INFO: Run LocationTemplate Behavior [ RunTime:0.000712s ]
[ 2012-09-21T18:17:07+08:00 ] /Ibike/?5=&p=8 | INFO: Tag[ view_template ] --END-- [ RunTime:0.000815s ]
[ 2012-09-21T18:17:07+08:00 ] /Ibike/?5=&p=8 | INFO: Tag[ view_parse ] --START--
[ 2012-09-21T18:17:07+08:00 ] /Ibike/?5=&p=8 | INFO: Run ParseTemplate Behavior [ RunTime:0.010368s ]
[ 2012-09-21T18:17:07+08:00 ] /Ibike/?5=&p=8 | INFO: Tag[ view_parse ] --END-- [ RunTime:0.010473s ]
[ 2012-09-21T18:17:07+08:00 ] /Ibike/?5=&p=8 | INFO: Tag[ view_filter ] --START--
[ 2012-09-21T18:17:07+08:00 ] /Ibike/?5=&p=8 | INFO: Run ContentReplace Behavior [ RunTime:0.000609s ]
[ 2012-09-21T18:17:07+08:00 ] /Ibike/?5=&p=8 | INFO: Run TokenBuild Behavior [ RunTime:0.000652s ]
[ 2012-09-21T18:17:07+08:00 ] /Ibike/?5=&p=8 | INFO: Run WriteHtmlCache Behavior [ RunTime:0.000446s ]
[ 2012-09-21T18:17:07+08:00 ] /Ibike/?5=&p=8 | INFO: Run ShowRuntime Behavior [ RunTime:0.000641s ]
[ 2012-09-21T18:17:07+08:00 ] /Ibike/?5=&p=8 | INFO: Tag[ view_filter ] --END-- [ RunTime:0.002577s ]
[ 2012-09-21T18:17:07+08:00 ] /Ibike/?5=&p=8 | INFO: Tag[ view_end ] --START--
[ 2012-09-21T18:17:07+08:00 ] /Ibike/?5=&p=8 | INFO: Run ShowPageTrace Behavior [ RunTime:0.000676s ]
[ 2012-09-21T18:17:07+08:00 ] /Ibike/?5=&p=8 | INFO: Tag[ view_end ] --END-- [ RunTime:0.000752s ]
[ 2012-09-21T18:17:07+08:00 ] /Ibike/index.php/Public/verify | INFO: Tag[ route_check ] --START--
[ 2012-09-21T18:17:07+08:00 ] /Ibike/index.php/Public/verify | INFO: Run CheckRoute Behavior [ RunTime:0.001051s ]
[ 2012-09-21T18:17:07+08:00 ] /Ibike/index.php/Public/verify | INFO: Tag[ route_check ] --END-- [ RunTime:0.001192s ]
[ 2012-09-21T18:17:07+08:00 ] /Ibike/index.php/Public/verify | INFO: Tag[ app_begin ] --START--
[ 2012-09-21T18:17:07+08:00 ] /Ibike/index.php/Public/verify | INFO: Run ReadHtmlCache Behavior [ RunTime:0.000809s ]
[ 2012-09-21T18:17:07+08:00 ] /Ibike/index.php/Public/verify | INFO: Tag[ app_begin ] --END-- [ RunTime:0.000891s ]
[ 2012-09-21T18:17:07+08:00 ] /Ibike/index.php/Public/verify | NOTIC: [8] Use of undefined constant png - assumed 'png' PublicAction.class.php Á¨¨ 8 Ë°å.
[ 2012-09-21T18:17:08+08:00 ] /Ibike/?5=&p=9 | INFO: Tag[ app_begin ] --START--
[ 2012-09-21T18:17:08+08:00 ] /Ibike/?5=&p=9 | INFO: Run ReadHtmlCache Behavior [ RunTime:0.000908s ]
[ 2012-09-21T18:17:08+08:00 ] /Ibike/?5=&p=9 | INFO: Tag[ app_begin ] --END-- [ RunTime:0.001061s ]
[ 2012-09-21T18:17:08+08:00 ] /Ibike/?5=&p=9 | SQL: SHOW COLUMNS FROM `think_user` [ RunTime:0.007494s ]
[ 2012-09-21T18:17:08+08:00 ] /Ibike/?5=&p=9 | NOTIC: [8] Use of undefined constant ‚ÄúPage‚Äù - assumed '‚ÄúPage‚Äù' IndexAction.class.php Á¨¨ 8 Ë°å.
[ 2012-09-21T18:17:08+08:00 ] /Ibike/?5=&p=9 | SQL: SELECT COUNT(*) AS tp_count FROM `think_user` LIMIT 1   [ RunTime:0.000701s ]
[ 2012-09-21T18:17:08+08:00 ] /Ibike/?5=&p=9 | SQL: SELECT * FROM `think_user` LIMIT 40,5   [ RunTime:0.001501s ]
[ 2012-09-21T18:17:08+08:00 ] /Ibike/?5=&p=9 | INFO: Tag[ view_template ] --START--
[ 2012-09-21T18:17:08+08:00 ] /Ibike/?5=&p=9 | INFO: Run LocationTemplate Behavior [ RunTime:0.000711s ]
[ 2012-09-21T18:17:08+08:00 ] /Ibike/?5=&p=9 | INFO: Tag[ view_template ] --END-- [ RunTime:0.000820s ]
[ 2012-09-21T18:17:08+08:00 ] /Ibike/?5=&p=9 | INFO: Tag[ view_parse ] --START--
[ 2012-09-21T18:17:08+08:00 ] /Ibike/?5=&p=9 | INFO: Run ParseTemplate Behavior [ RunTime:0.010322s ]
[ 2012-09-21T18:17:08+08:00 ] /Ibike/?5=&p=9 | INFO: Tag[ view_parse ] --END-- [ RunTime:0.010424s ]
[ 2012-09-21T18:17:08+08:00 ] /Ibike/?5=&p=9 | INFO: Tag[ view_filter ] --START--
[ 2012-09-21T18:17:08+08:00 ] /Ibike/?5=&p=9 | INFO: Run ContentReplace Behavior [ RunTime:0.000594s ]
[ 2012-09-21T18:17:08+08:00 ] /Ibike/?5=&p=9 | INFO: Run TokenBuild Behavior [ RunTime:0.000646s ]
[ 2012-09-21T18:17:08+08:00 ] /Ibike/?5=&p=9 | INFO: Run WriteHtmlCache Behavior [ RunTime:0.000442s ]
[ 2012-09-21T18:17:08+08:00 ] /Ibike/?5=&p=9 | INFO: Run ShowRuntime Behavior [ RunTime:0.000642s ]
[ 2012-09-21T18:17:08+08:00 ] /Ibike/?5=&p=9 | INFO: Tag[ view_filter ] --END-- [ RunTime:0.002544s ]
[ 2012-09-21T18:17:08+08:00 ] /Ibike/?5=&p=9 | INFO: Tag[ view_end ] --START--
[ 2012-09-21T18:17:08+08:00 ] /Ibike/?5=&p=9 | INFO: Run ShowPageTrace Behavior [ RunTime:0.000711s ]
[ 2012-09-21T18:17:08+08:00 ] /Ibike/?5=&p=9 | INFO: Tag[ view_end ] --END-- [ RunTime:0.000789s ]
[ 2012-09-21T18:17:08+08:00 ] /Ibike/index.php/Public/verify | INFO: Tag[ route_check ] --START--
[ 2012-09-21T18:17:08+08:00 ] /Ibike/index.php/Public/verify | INFO: Run CheckRoute Behavior [ RunTime:0.001065s ]
[ 2012-09-21T18:17:08+08:00 ] /Ibike/index.php/Public/verify | INFO: Tag[ route_check ] --END-- [ RunTime:0.001204s ]
[ 2012-09-21T18:17:08+08:00 ] /Ibike/index.php/Public/verify | INFO: Tag[ app_begin ] --START--
[ 2012-09-21T18:17:08+08:00 ] /Ibike/index.php/Public/verify | INFO: Run ReadHtmlCache Behavior [ RunTime:0.000827s ]
[ 2012-09-21T18:17:08+08:00 ] /Ibike/index.php/Public/verify | INFO: Tag[ app_begin ] --END-- [ RunTime:0.000909s ]
[ 2012-09-21T18:17:08+08:00 ] /Ibike/index.php/Public/verify | NOTIC: [8] Use of undefined constant png - assumed 'png' PublicAction.class.php Á¨¨ 8 Ë°å.
[ 2012-09-21T18:17:09+08:00 ] /Ibike/?5=&p=10 | INFO: Tag[ app_begin ] --START--
[ 2012-09-21T18:17:09+08:00 ] /Ibike/?5=&p=10 | INFO: Run ReadHtmlCache Behavior [ RunTime:0.000810s ]
[ 2012-09-21T18:17:09+08:00 ] /Ibike/?5=&p=10 | INFO: Tag[ app_begin ] --END-- [ RunTime:0.000949s ]
[ 2012-09-21T18:17:09+08:00 ] /Ibike/?5=&p=10 | SQL: SHOW COLUMNS FROM `think_user` [ RunTime:0.007700s ]
[ 2012-09-21T18:17:09+08:00 ] /Ibike/?5=&p=10 | NOTIC: [8] Use of undefined constant ‚ÄúPage‚Äù - assumed '‚ÄúPage‚Äù' IndexAction.class.php Á¨¨ 8 Ë°å.
[ 2012-09-21T18:17:09+08:00 ] /Ibike/?5=&p=10 | SQL: SELECT COUNT(*) AS tp_count FROM `think_user` LIMIT 1   [ RunTime:0.000882s ]
[ 2012-09-21T18:17:09+08:00 ] /Ibike/?5=&p=10 | SQL: SELECT * FROM `think_user` LIMIT 45,5   [ RunTime:0.001648s ]
[ 2012-09-21T18:17:09+08:00 ] /Ibike/?5=&p=10 | INFO: Tag[ view_template ] --START--
[ 2012-09-21T18:17:09+08:00 ] /Ibike/?5=&p=10 | INFO: Run LocationTemplate Behavior [ RunTime:0.000731s ]
[ 2012-09-21T18:17:09+08:00 ] /Ibike/?5=&p=10 | INFO: Tag[ view_template ] --END-- [ RunTime:0.000837s ]
[ 2012-09-21T18:17:09+08:00 ] /Ibike/?5=&p=10 | INFO: Tag[ view_parse ] --START--
[ 2012-09-21T18:17:09+08:00 ] /Ibike/?5=&p=10 | INFO: Run ParseTemplate Behavior [ RunTime:0.010404s ]
[ 2012-09-21T18:17:09+08:00 ] /Ibike/?5=&p=10 | INFO: Tag[ view_parse ] --END-- [ RunTime:0.010510s ]
[ 2012-09-21T18:17:09+08:00 ] /Ibike/?5=&p=10 | INFO: Tag[ view_filter ] --START--
[ 2012-09-21T18:17:09+08:00 ] /Ibike/?5=&p=10 | INFO: Run ContentReplace Behavior [ RunTime:0.000627s ]
[ 2012-09-21T18:17:09+08:00 ] /Ibike/?5=&p=10 | INFO: Run TokenBuild Behavior [ RunTime:0.000656s ]
[ 2012-09-21T18:17:09+08:00 ] /Ibike/?5=&p=10 | INFO: Run WriteHtmlCache Behavior [ RunTime:0.000478s ]
[ 2012-09-21T18:17:09+08:00 ] /Ibike/?5=&p=10 | INFO: Run ShowRuntime Behavior [ RunTime:0.000666s ]
[ 2012-09-21T18:17:09+08:00 ] /Ibike/?5=&p=10 | INFO: Tag[ view_filter ] --END-- [ RunTime:0.002662s ]
[ 2012-09-21T18:17:09+08:00 ] /Ibike/?5=&p=10 | INFO: Tag[ view_end ] --START--
[ 2012-09-21T18:17:09+08:00 ] /Ibike/?5=&p=10 | INFO: Run ShowPageTrace Behavior [ RunTime:0.000687s ]
[ 2012-09-21T18:17:09+08:00 ] /Ibike/?5=&p=10 | INFO: Tag[ view_end ] --END-- [ RunTime:0.000764s ]
[ 2012-09-21T18:17:09+08:00 ] /Ibike/index.php/Public/verify | INFO: Tag[ route_check ] --START--
[ 2012-09-21T18:17:09+08:00 ] /Ibike/index.php/Public/verify | INFO: Run CheckRoute Behavior [ RunTime:0.001035s ]
[ 2012-09-21T18:17:09+08:00 ] /Ibike/index.php/Public/verify | INFO: Tag[ route_check ] --END-- [ RunTime:0.001171s ]
[ 2012-09-21T18:17:09+08:00 ] /Ibike/index.php/Public/verify | INFO: Tag[ app_begin ] --START--
[ 2012-09-21T18:17:09+08:00 ] /Ibike/index.php/Public/verify | INFO: Run ReadHtmlCache Behavior [ RunTime:0.000789s ]
[ 2012-09-21T18:17:09+08:00 ] /Ibike/index.php/Public/verify | INFO: Tag[ app_begin ] --END-- [ RunTime:0.000867s ]
[ 2012-09-21T18:17:09+08:00 ] /Ibike/index.php/Public/verify | NOTIC: [8] Use of undefined constant png - assumed 'png' PublicAction.class.php Á¨¨ 8 Ë°å.
[ 2012-09-21T18:17:09+08:00 ] /Ibike/?5=&p=11 | INFO: Tag[ app_begin ] --START--
[ 2012-09-21T18:17:09+08:00 ] /Ibike/?5=&p=11 | INFO: Run ReadHtmlCache Behavior [ RunTime:0.000876s ]
[ 2012-09-21T18:17:09+08:00 ] /Ibike/?5=&p=11 | INFO: Tag[ app_begin ] --END-- [ RunTime:0.001027s ]
[ 2012-09-21T18:17:09+08:00 ] /Ibike/?5=&p=11 | SQL: SHOW COLUMNS FROM `think_user` [ RunTime:0.008482s ]
[ 2012-09-21T18:17:09+08:00 ] /Ibike/?5=&p=11 | NOTIC: [8] Use of undefined constant ‚ÄúPage‚Äù - assumed '‚ÄúPage‚Äù' IndexAction.class.php Á¨¨ 8 Ë°å.
[ 2012-09-21T18:17:09+08:00 ] /Ibike/?5=&p=11 | SQL: SELECT COUNT(*) AS tp_count FROM `think_user` LIMIT 1   [ RunTime:0.001015s ]
[ 2012-09-21T18:17:09+08:00 ] /Ibike/?5=&p=11 | SQL: SELECT * FROM `think_user` LIMIT 50,5   [ RunTime:0.001858s ]
[ 2012-09-21T18:17:09+08:00 ] /Ibike/?5=&p=11 | INFO: Tag[ view_template ] --START--
[ 2012-09-21T18:17:09+08:00 ] /Ibike/?5=&p=11 | INFO: Run LocationTemplate Behavior [ RunTime:0.000707s ]
[ 2012-09-21T18:17:09+08:00 ] /Ibike/?5=&p=11 | INFO: Tag[ view_template ] --END-- [ RunTime:0.000813s ]
[ 2012-09-21T18:17:09+08:00 ] /Ibike/?5=&p=11 | INFO: Tag[ view_parse ] --START--
[ 2012-09-21T18:17:09+08:00 ] /Ibike/?5=&p=11 | INFO: Run ParseTemplate Behavior [ RunTime:0.010320s ]
[ 2012-09-21T18:17:09+08:00 ] /Ibike/?5=&p=11 | INFO: Tag[ view_parse ] --END-- [ RunTime:0.010422s ]
[ 2012-09-21T18:17:09+08:00 ] /Ibike/?5=&p=11 | INFO: Tag[ view_filter ] --START--
[ 2012-09-21T18:17:09+08:00 ] /Ibike/?5=&p=11 | INFO: Run ContentReplace Behavior [ RunTime:0.000612s ]
[ 2012-09-21T18:17:09+08:00 ] /Ibike/?5=&p=11 | INFO: Run TokenBuild Behavior [ RunTime:0.000661s ]
[ 2012-09-21T18:17:09+08:00 ] /Ibike/?5=&p=11 | INFO: Run WriteHtmlCache Behavior [ RunTime:0.000443s ]
[ 2012-09-21T18:17:09+08:00 ] /Ibike/?5=&p=11 | INFO: Run ShowRuntime Behavior [ RunTime:0.000650s ]
[ 2012-09-21T18:17:09+08:00 ] /Ibike/?5=&p=11 | INFO: Tag[ view_filter ] --END-- [ RunTime:0.002592s ]
[ 2012-09-21T18:17:09+08:00 ] /Ibike/?5=&p=11 | INFO: Tag[ view_end ] --START--
[ 2012-09-21T18:17:09+08:00 ] /Ibike/?5=&p=11 | INFO: Run ShowPageTrace Behavior [ RunTime:0.000809s ]
[ 2012-09-21T18:17:09+08:00 ] /Ibike/?5=&p=11 | INFO: Tag[ view_end ] --END-- [ RunTime:0.000902s ]
[ 2012-09-21T18:17:09+08:00 ] /Ibike/index.php/Public/verify | INFO: Tag[ route_check ] --START--
[ 2012-09-21T18:17:09+08:00 ] /Ibike/index.php/Public/verify | INFO: Run CheckRoute Behavior [ RunTime:0.001086s ]
[ 2012-09-21T18:17:09+08:00 ] /Ibike/index.php/Public/verify | INFO: Tag[ route_check ] --END-- [ RunTime:0.001229s ]
[ 2012-09-21T18:17:09+08:00 ] /Ibike/index.php/Public/verify | INFO: Tag[ app_begin ] --START--
[ 2012-09-21T18:17:09+08:00 ] /Ibike/index.php/Public/verify | INFO: Run ReadHtmlCache Behavior [ RunTime:0.000848s ]
[ 2012-09-21T18:17:09+08:00 ] /Ibike/index.php/Public/verify | INFO: Tag[ app_begin ] --END-- [ RunTime:0.000932s ]
[ 2012-09-21T18:17:09+08:00 ] /Ibike/index.php/Public/verify | NOTIC: [8] Use of undefined constant png - assumed 'png' PublicAction.class.php Á¨¨ 8 Ë°å.
[ 2012-09-21T18:17:10+08:00 ] /Ibike/?5=&p=12 | INFO: Tag[ app_begin ] --START--
[ 2012-09-21T18:17:10+08:00 ] /Ibike/?5=&p=12 | INFO: Run ReadHtmlCache Behavior [ RunTime:0.001040s ]
[ 2012-09-21T18:17:10+08:00 ] /Ibike/?5=&p=12 | INFO: Tag[ app_begin ] --END-- [ RunTime:0.001216s ]
[ 2012-09-21T18:17:10+08:00 ] /Ibike/?5=&p=12 | SQL: SHOW COLUMNS FROM `think_user` [ RunTime:0.007371s ]
[ 2012-09-21T18:17:10+08:00 ] /Ibike/?5=&p=12 | NOTIC: [8] Use of undefined constant ‚ÄúPage‚Äù - assumed '‚ÄúPage‚Äù' IndexAction.class.php Á¨¨ 8 Ë°å.
[ 2012-09-21T18:17:10+08:00 ] /Ibike/?5=&p=12 | SQL: SELECT COUNT(*) AS tp_count FROM `think_user` LIMIT 1   [ RunTime:0.000547s ]
[ 2012-09-21T18:17:10+08:00 ] /Ibike/?5=&p=12 | SQL: SELECT * FROM `think_user` LIMIT 55,5   [ RunTime:0.001352s ]
[ 2012-09-21T18:17:10+08:00 ] /Ibike/?5=&p=12 | INFO: Tag[ view_template ] --START--
[ 2012-09-21T18:17:10+08:00 ] /Ibike/?5=&p=12 | INFO: Run LocationTemplate Behavior [ RunTime:0.000711s ]
[ 2012-09-21T18:17:10+08:00 ] /Ibike/?5=&p=12 | INFO: Tag[ view_template ] --END-- [ RunTime:0.000819s ]
[ 2012-09-21T18:17:10+08:00 ] /Ibike/?5=&p=12 | INFO: Tag[ view_parse ] --START--
[ 2012-09-21T18:17:10+08:00 ] /Ibike/?5=&p=12 | INFO: Run ParseTemplate Behavior [ RunTime:0.010292s ]
[ 2012-09-21T18:17:10+08:00 ] /Ibike/?5=&p=12 | INFO: Tag[ view_parse ] --END-- [ RunTime:0.010394s ]
[ 2012-09-21T18:17:10+08:00 ] /Ibike/?5=&p=12 | INFO: Tag[ view_filter ] --START--
[ 2012-09-21T18:17:10+08:00 ] /Ibike/?5=&p=12 | INFO: Run ContentReplace Behavior [ RunTime:0.000612s ]
[ 2012-09-21T18:17:10+08:00 ] /Ibike/?5=&p=12 | INFO: Run TokenBuild Behavior [ RunTime:0.000648s ]
[ 2012-09-21T18:17:10+08:00 ] /Ibike/?5=&p=12 | INFO: Run WriteHtmlCache Behavior [ RunTime:0.000462s ]
[ 2012-09-21T18:17:10+08:00 ] /Ibike/?5=&p=12 | INFO: Run ShowRuntime Behavior [ RunTime:0.000646s ]
[ 2012-09-21T18:17:10+08:00 ] /Ibike/?5=&p=12 | INFO: Tag[ view_filter ] --END-- [ RunTime:0.002607s ]
[ 2012-09-21T18:17:10+08:00 ] /Ibike/?5=&p=12 | INFO: Tag[ view_end ] --START--
[ 2012-09-21T18:17:10+08:00 ] /Ibike/?5=&p=12 | INFO: Run ShowPageTrace Behavior [ RunTime:0.000681s ]
[ 2012-09-21T18:17:10+08:00 ] /Ibike/?5=&p=12 | INFO: Tag[ view_end ] --END-- [ RunTime:0.000756s ]
[ 2012-09-21T18:17:10+08:00 ] /Ibike/index.php/Public/verify | INFO: Tag[ route_check ] --START--
[ 2012-09-21T18:17:10+08:00 ] /Ibike/index.php/Public/verify | INFO: Run CheckRoute Behavior [ RunTime:0.001247s ]
[ 2012-09-21T18:17:10+08:00 ] /Ibike/index.php/Public/verify | INFO: Tag[ route_check ] --END-- [ RunTime:0.001399s ]
[ 2012-09-21T18:17:10+08:00 ] /Ibike/index.php/Public/verify | INFO: Tag[ app_begin ] --START--
[ 2012-09-21T18:17:10+08:00 ] /Ibike/index.php/Public/verify | INFO: Run ReadHtmlCache Behavior [ RunTime:0.000859s ]
[ 2012-09-21T18:17:10+08:00 ] /Ibike/index.php/Public/verify | INFO: Tag[ app_begin ] --END-- [ RunTime:0.000943s ]
[ 2012-09-21T18:17:10+08:00 ] /Ibike/index.php/Public/verify | NOTIC: [8] Use of undefined constant png - assumed 'png' PublicAction.class.php Á¨¨ 8 Ë°å.
[ 2012-09-21T18:17:12+08:00 ] /Ibike/index.php/Public/verify/random/0.8628684675689046 | INFO: Tag[ route_check ] --START--
[ 2012-09-21T18:17:12+08:00 ] /Ibike/index.php/Public/verify/random/0.8628684675689046 | INFO: Run CheckRoute Behavior [ RunTime:0.001050s ]
[ 2012-09-21T18:17:12+08:00 ] /Ibike/index.php/Public/verify/random/0.8628684675689046 | INFO: Tag[ route_check ] --END-- [ RunTime:0.001190s ]
[ 2012-09-21T18:17:12+08:00 ] /Ibike/index.php/Public/verify/random/0.8628684675689046 | INFO: Tag[ app_begin ] --START--
[ 2012-09-21T18:17:12+08:00 ] /Ibike/index.php/Public/verify/random/0.8628684675689046 | INFO: Run ReadHtmlCache Behavior [ RunTime:0.000805s ]
[ 2012-09-21T18:17:12+08:00 ] /Ibike/index.php/Public/verify/random/0.8628684675689046 | INFO: Tag[ app_begin ] --END-- [ RunTime:0.000891s ]
[ 2012-09-21T18:17:12+08:00 ] /Ibike/index.php/Public/verify/random/0.8628684675689046 | NOTIC: [8] Use of undefined constant png - assumed 'png' PublicAction.class.php Á¨¨ 8 Ë°å.
[ 2012-09-21T18:17:12+08:00 ] /Ibike/index.php/Public/verify/random/0.13273222181860827 | INFO: Tag[ route_check ] --START--
[ 2012-09-21T18:17:12+08:00 ] /Ibike/index.php/Public/verify/random/0.13273222181860827 | INFO: Run CheckRoute Behavior [ RunTime:0.001198s ]
[ 2012-09-21T18:17:12+08:00 ] /Ibike/index.php/Public/verify/random/0.13273222181860827 | INFO: Tag[ route_check ] --END-- [ RunTime:0.001353s ]
[ 2012-09-21T18:17:12+08:00 ] /Ibike/index.php/Public/verify/random/0.13273222181860827 | INFO: Tag[ app_begin ] --START--
[ 2012-09-21T18:17:12+08:00 ] /Ibike/index.php/Public/verify/random/0.13273222181860827 | INFO: Run ReadHtmlCache Behavior [ RunTime:0.000905s ]
[ 2012-09-21T18:17:12+08:00 ] /Ibike/index.php/Public/verify/random/0.13273222181860827 | INFO: Tag[ app_begin ] --END-- [ RunTime:0.001003s ]
[ 2012-09-21T18:17:12+08:00 ] /Ibike/index.php/Public/verify/random/0.13273222181860827 | NOTIC: [8] Use of undefined constant png - assumed 'png' PublicAction.class.php Á¨¨ 8 Ë°å.
[ 2012-09-21T18:17:13+08:00 ] /Ibike/index.php/Public/verify/random/0.892054925494915 | INFO: Tag[ route_check ] --START--
[ 2012-09-21T18:17:13+08:00 ] /Ibike/index.php/Public/verify/random/0.892054925494915 | INFO: Run CheckRoute Behavior [ RunTime:0.001185s ]
[ 2012-09-21T18:17:13+08:00 ] /Ibike/index.php/Public/verify/random/0.892054925494915 | INFO: Tag[ route_check ] --END-- [ RunTime:0.001338s ]
[ 2012-09-21T18:17:13+08:00 ] /Ibike/index.php/Public/verify/random/0.892054925494915 | INFO: Tag[ app_begin ] --START--
[ 2012-09-21T18:17:13+08:00 ] /Ibike/index.php/Public/verify/random/0.892054925494915 | INFO: Run ReadHtmlCache Behavior [ RunTime:0.000898s ]
[ 2012-09-21T18:17:13+08:00 ] /Ibike/index.php/Public/verify/random/0.892054925494915 | INFO: Tag[ app_begin ] --END-- [ RunTime:0.000989s ]
[ 2012-09-21T18:17:13+08:00 ] /Ibike/index.php/Public/verify/random/0.892054925494915 | NOTIC: [8] Use of undefined constant png - assumed 'png' PublicAction.class.php Á¨¨ 8 Ë°å.
[ 2012-09-21T18:17:14+08:00 ] /Ibike/index.php/Public/verify/random/0.37953188513606933 | INFO: Tag[ route_check ] --START--
[ 2012-09-21T18:17:14+08:00 ] /Ibike/index.php/Public/verify/random/0.37953188513606933 | INFO: Run CheckRoute Behavior [ RunTime:0.002605s ]
[ 2012-09-21T18:17:14+08:00 ] /Ibike/index.php/Public/verify/random/0.37953188513606933 | INFO: Tag[ route_check ] --END-- [ RunTime:0.002928s ]
[ 2012-09-21T18:17:14+08:00 ] /Ibike/index.php/Public/verify/random/0.37953188513606933 | INFO: Tag[ app_begin ] --START--
[ 2012-09-21T18:17:14+08:00 ] /Ibike/index.php/Public/verify/random/0.37953188513606933 | INFO: Run ReadHtmlCache Behavior [ RunTime:0.001892s ]
[ 2012-09-21T18:17:14+08:00 ] /Ibike/index.php/Public/verify/random/0.37953188513606933 | INFO: Tag[ app_begin ] --END-- [ RunTime:0.002093s ]
[ 2012-09-21T18:17:14+08:00 ] /Ibike/index.php/Public/verify/random/0.37953188513606933 | NOTIC: [8] Use of undefined constant png - assumed 'png' PublicAction.class.php Á¨¨ 8 Ë°å.
[ 2012-09-21T18:17:15+08:00 ] /Ibike/index.php/Public/verify/random/0.6414118049018989 | INFO: Tag[ route_check ] --START--
[ 2012-09-21T18:17:15+08:00 ] /Ibike/index.php/Public/verify/random/0.6414118049018989 | INFO: Run CheckRoute Behavior [ RunTime:0.002616s ]
[ 2012-09-21T18:17:15+08:00 ] /Ibike/index.php/Public/verify/random/0.6414118049018989 | INFO: Tag[ route_check ] --END-- [ RunTime:0.002940s ]
[ 2012-09-21T18:17:15+08:00 ] /Ibike/index.php/Public/verify/random/0.6414118049018989 | INFO: Tag[ app_begin ] --START--
[ 2012-09-21T18:17:15+08:00 ] /Ibike/index.php/Public/verify/random/0.6414118049018989 | INFO: Run ReadHtmlCache Behavior [ RunTime:0.001919s ]
[ 2012-09-21T18:17:15+08:00 ] /Ibike/index.php/Public/verify/random/0.6414118049018989 | INFO: Tag[ app_begin ] --END-- [ RunTime:0.002122s ]
[ 2012-09-21T18:17:15+08:00 ] /Ibike/index.php/Public/verify/random/0.6414118049018989 | NOTIC: [8] Use of undefined constant png - assumed 'png' PublicAction.class.php Á¨¨ 8 Ë°å.
[ 2012-09-21T18:17:17+08:00 ] /Ibike/index.php/Public/verify/random/0.3236571063860627 | INFO: Tag[ route_check ] --START--
[ 2012-09-21T18:17:17+08:00 ] /Ibike/index.php/Public/verify/random/0.3236571063860627 | INFO: Run CheckRoute Behavior [ RunTime:0.001645s ]
[ 2012-09-21T18:17:17+08:00 ] /Ibike/index.php/Public/verify/random/0.3236571063860627 | INFO: Tag[ route_check ] --END-- [ RunTime:0.001861s ]
[ 2012-09-21T18:17:17+08:00 ] /Ibike/index.php/Public/verify/random/0.3236571063860627 | INFO: Tag[ app_begin ] --START--
[ 2012-09-21T18:17:17+08:00 ] /Ibike/index.php/Public/verify/random/0.3236571063860627 | INFO: Run ReadHtmlCache Behavior [ RunTime:0.001231s ]
[ 2012-09-21T18:17:17+08:00 ] /Ibike/index.php/Public/verify/random/0.3236571063860627 | INFO: Tag[ app_begin ] --END-- [ RunTime:0.001360s ]
[ 2012-09-21T18:17:17+08:00 ] /Ibike/index.php/Public/verify/random/0.3236571063860627 | NOTIC: [8] Use of undefined constant png - assumed 'png' PublicAction.class.php Á¨¨ 8 Ë°å.
[ 2012-09-21T19:01:15+08:00 ] /Ibike/?5=&p=12 | INFO: Tag[ app_begin ] --START--
[ 2012-09-21T19:01:15+08:00 ] /Ibike/?5=&p=12 | INFO: Run ReadHtmlCache Behavior [ RunTime:0.001157s ]
[ 2012-09-21T19:01:15+08:00 ] /Ibike/?5=&p=12 | INFO: Tag[ app_begin ] --END-- [ RunTime:0.001327s ]
[ 2012-09-21T19:01:15+08:00 ] /Ibike/?5=&p=12 | SQL: SHOW COLUMNS FROM `think_user` [ RunTime:0.098484s ]
[ 2012-09-21T19:01:15+08:00 ] /Ibike/?5=&p=12 | NOTIC: [8] Use of undefined constant ‚ÄúPage‚Äù - assumed '‚ÄúPage‚Äù' IndexAction.class.php Á¨¨ 8 Ë°å.
[ 2012-09-21T19:01:15+08:00 ] /Ibike/?5=&p=12 | SQL: SELECT COUNT(*) AS tp_count FROM `think_user` LIMIT 1   [ RunTime:0.000725s ]
[ 2012-09-21T19:01:15+08:00 ] /Ibike/?5=&p=12 | SQL: SELECT * FROM `think_user` LIMIT 55,5   [ RunTime:0.001529s ]
[ 2012-09-21T19:01:15+08:00 ] /Ibike/?5=&p=12 | INFO: Tag[ view_template ] --START--
[ 2012-09-21T19:01:15+08:00 ] /Ibike/?5=&p=12 | INFO: Run LocationTemplate Behavior [ RunTime:0.001129s ]
[ 2012-09-21T19:01:15+08:00 ] /Ibike/?5=&p=12 | INFO: Tag[ view_template ] --END-- [ RunTime:0.001239s ]
[ 2012-09-21T19:01:15+08:00 ] /Ibike/?5=&p=12 | INFO: Tag[ view_parse ] --START--
[ 2012-09-21T19:01:15+08:00 ] /Ibike/?5=&p=12 | INFO: Run ParseTemplate Behavior [ RunTime:0.020473s ]
[ 2012-09-21T19:01:15+08:00 ] /Ibike/?5=&p=12 | INFO: Tag[ view_parse ] --END-- [ RunTime:0.020577s ]
[ 2012-09-21T19:01:15+08:00 ] /Ibike/?5=&p=12 | INFO: Tag[ view_filter ] --START--
[ 2012-09-21T19:01:15+08:00 ] /Ibike/?5=&p=12 | INFO: Run ContentReplace Behavior [ RunTime:0.000900s ]
[ 2012-09-21T19:01:15+08:00 ] /Ibike/?5=&p=12 | INFO: Run TokenBuild Behavior [ RunTime:0.008505s ]
[ 2012-09-21T19:01:15+08:00 ] /Ibike/?5=&p=12 | INFO: Run WriteHtmlCache Behavior [ RunTime:0.000653s ]
[ 2012-09-21T19:01:15+08:00 ] /Ibike/?5=&p=12 | INFO: Run ShowRuntime Behavior [ RunTime:0.000809s ]
[ 2012-09-21T19:01:15+08:00 ] /Ibike/?5=&p=12 | INFO: Tag[ view_filter ] --END-- [ RunTime:0.011145s ]
[ 2012-09-21T19:01:15+08:00 ] /Ibike/?5=&p=12 | INFO: Tag[ view_end ] --START--
[ 2012-09-21T19:01:15+08:00 ] /Ibike/?5=&p=12 | INFO: Run ShowPageTrace Behavior [ RunTime:0.000841s ]
[ 2012-09-21T19:01:15+08:00 ] /Ibike/?5=&p=12 | INFO: Tag[ view_end ] --END-- [ RunTime:0.000927s ]
[ 2012-09-21T19:01:16+08:00 ] /Ibike/index.php/Public/verify | INFO: Tag[ route_check ] --START--
[ 2012-09-21T19:01:16+08:00 ] /Ibike/index.php/Public/verify | INFO: Run CheckRoute Behavior [ RunTime:0.001195s ]
[ 2012-09-21T19:01:16+08:00 ] /Ibike/index.php/Public/verify | INFO: Tag[ route_check ] --END-- [ RunTime:0.001335s ]
[ 2012-09-21T19:01:16+08:00 ] /Ibike/index.php/Public/verify | INFO: Tag[ app_begin ] --START--
[ 2012-09-21T19:01:16+08:00 ] /Ibike/index.php/Public/verify | INFO: Run ReadHtmlCache Behavior [ RunTime:0.000836s ]
[ 2012-09-21T19:01:16+08:00 ] /Ibike/index.php/Public/verify | INFO: Tag[ app_begin ] --END-- [ RunTime:0.000921s ]
[ 2012-09-21T19:01:16+08:00 ] /Ibike/index.php/Public/verify | NOTIC: [8] Use of undefined constant png - assumed 'png' PublicAction.class.php Á¨¨ 8 Ë°å.
[ 2012-09-21T19:09:51+08:00 ] /Ibike/?5=&p=12 | INFO: Tag[ app_begin ] --START--
[ 2012-09-21T19:09:51+08:00 ] /Ibike/?5=&p=12 | INFO: Run ReadHtmlCache Behavior [ RunTime:0.001131s ]
[ 2012-09-21T19:09:51+08:00 ] /Ibike/?5=&p=12 | INFO: Tag[ app_begin ] --END-- [ RunTime:0.001281s ]
[ 2012-09-21T19:09:51+08:00 ] /Ibike/?5=&p=12 | SQL: SHOW COLUMNS FROM `think_user` [ RunTime:0.009285s ]
[ 2012-09-21T19:09:51+08:00 ] /Ibike/?5=&p=12 | NOTIC: [8] Use of undefined constant ‚ÄúPage‚Äù - assumed '‚ÄúPage‚Äù' IndexAction.class.php Á¨¨ 8 Ë°å.
[ 2012-09-21T19:09:51+08:00 ] /Ibike/?5=&p=12 | SQL: SELECT COUNT(*) AS tp_count FROM `think_user` LIMIT 1   [ RunTime:0.000626s ]
[ 2012-09-21T19:09:51+08:00 ] /Ibike/?5=&p=12 | SQL: SELECT * FROM `think_user` LIMIT 55,5   [ RunTime:0.001618s ]
[ 2012-09-21T19:09:51+08:00 ] /Ibike/?5=&p=12 | INFO: Tag[ view_template ] --START--
[ 2012-09-21T19:09:51+08:00 ] /Ibike/?5=&p=12 | INFO: Run LocationTemplate Behavior [ RunTime:0.001178s ]
[ 2012-09-21T19:09:51+08:00 ] /Ibike/?5=&p=12 | INFO: Tag[ view_template ] --END-- [ RunTime:0.001287s ]
[ 2012-09-21T19:09:51+08:00 ] /Ibike/?5=&p=12 | INFO: Tag[ view_parse ] --START--
[ 2012-09-21T19:09:51+08:00 ] /Ibike/?5=&p=12 | INFO: Run ParseTemplate Behavior [ RunTime:0.012640s ]
[ 2012-09-21T19:09:51+08:00 ] /Ibike/?5=&p=12 | INFO: Tag[ view_parse ] --END-- [ RunTime:0.012748s ]
[ 2012-09-21T19:09:51+08:00 ] /Ibike/?5=&p=12 | INFO: Tag[ view_filter ] --START--
[ 2012-09-21T19:09:51+08:00 ] /Ibike/?5=&p=12 | INFO: Run ContentReplace Behavior [ RunTime:0.000770s ]
[ 2012-09-21T19:09:51+08:00 ] /Ibike/?5=&p=12 | INFO: Run TokenBuild Behavior [ RunTime:0.000791s ]
[ 2012-09-21T19:09:51+08:00 ] /Ibike/?5=&p=12 | INFO: Run WriteHtmlCache Behavior [ RunTime:0.000710s ]
[ 2012-09-21T19:09:51+08:00 ] /Ibike/?5=&p=12 | INFO: Run ShowRuntime Behavior [ RunTime:0.001228s ]
[ 2012-09-21T19:09:51+08:00 ] /Ibike/?5=&p=12 | INFO: Tag[ view_filter ] --END-- [ RunTime:0.003884s ]
[ 2012-09-21T19:09:51+08:00 ] /Ibike/?5=&p=12 | INFO: Tag[ view_end ] --START--
[ 2012-09-21T19:09:51+08:00 ] /Ibike/?5=&p=12 | INFO: Run ShowPageTrace Behavior [ RunTime:0.000871s ]
[ 2012-09-21T19:09:51+08:00 ] /Ibike/?5=&p=12 | INFO: Tag[ view_end ] --END-- [ RunTime:0.000955s ]
[ 2012-09-21T19:09:52+08:00 ] /Ibike/index.php/Public/verify | INFO: Tag[ route_check ] --START--
[ 2012-09-21T19:09:52+08:00 ] /Ibike/index.php/Public/verify | INFO: Run CheckRoute Behavior [ RunTime:0.001225s ]
[ 2012-09-21T19:09:52+08:00 ] /Ibike/index.php/Public/verify | INFO: Tag[ route_check ] --END-- [ RunTime:0.001360s ]
[ 2012-09-21T19:09:52+08:00 ] /Ibike/index.php/Public/verify | INFO: Tag[ app_begin ] --START--
[ 2012-09-21T19:09:52+08:00 ] /Ibike/index.php/Public/verify | INFO: Run ReadHtmlCache Behavior [ RunTime:0.000861s ]
[ 2012-09-21T19:09:52+08:00 ] /Ibike/index.php/Public/verify | INFO: Tag[ app_begin ] --END-- [ RunTime:0.000940s ]
[ 2012-09-21T19:09:52+08:00 ] /Ibike/index.php/Public/verify | NOTIC: [8] Use of undefined constant png - assumed 'png' PublicAction.class.php Á¨¨ 8 Ë°å.
[ 2012-09-21T19:11:32+08:00 ] /Ibike/?5=&p=12 | INFO: Tag[ app_begin ] --START--
[ 2012-09-21T19:11:32+08:00 ] /Ibike/?5=&p=12 | INFO: Run ReadHtmlCache Behavior [ RunTime:0.000803s ]
[ 2012-09-21T19:11:32+08:00 ] /Ibike/?5=&p=12 | INFO: Tag[ app_begin ] --END-- [ RunTime:0.000945s ]
[ 2012-09-21T19:11:32+08:00 ] /Ibike/?5=&p=12 | SQL: SHOW COLUMNS FROM `think_user` [ RunTime:0.008011s ]
[ 2012-09-21T19:11:32+08:00 ] /Ibike/?5=&p=12 | NOTIC: [8] Use of undefined constant ‚ÄúPage‚Äù - assumed '‚ÄúPage‚Äù' IndexAction.class.php Á¨¨ 8 Ë°å.
[ 2012-09-21T19:11:32+08:00 ] /Ibike/?5=&p=12 | SQL: SELECT COUNT(*) AS tp_count FROM `think_user` LIMIT 1   [ RunTime:0.000780s ]
[ 2012-09-21T19:11:32+08:00 ] /Ibike/?5=&p=12 | SQL: SELECT * FROM `think_user` LIMIT 55,5   [ RunTime:0.001613s ]
[ 2012-09-21T19:11:32+08:00 ] /Ibike/?5=&p=12 | INFO: Tag[ view_template ] --START--
[ 2012-09-21T19:11:32+08:00 ] /Ibike/?5=&p=12 | INFO: Run LocationTemplate Behavior [ RunTime:0.000697s ]
[ 2012-09-21T19:11:32+08:00 ] /Ibike/?5=&p=12 | INFO: Tag[ view_template ] --END-- [ RunTime:0.000813s ]
[ 2012-09-21T19:11:32+08:00 ] /Ibike/?5=&p=12 | INFO: Tag[ view_parse ] --START--
[ 2012-09-21T19:11:32+08:00 ] /Ibike/?5=&p=12 | INFO: Run ParseTemplate Behavior [ RunTime:0.010590s ]
[ 2012-09-21T19:11:32+08:00 ] /Ibike/?5=&p=12 | INFO: Tag[ view_parse ] --END-- [ RunTime:0.010689s ]
[ 2012-09-21T19:11:32+08:00 ] /Ibike/?5=&p=12 | INFO: Tag[ view_filter ] --START--
[ 2012-09-21T19:11:32+08:00 ] /Ibike/?5=&p=12 | INFO: Run ContentReplace Behavior [ RunTime:0.000617s ]
[ 2012-09-21T19:11:32+08:00 ] /Ibike/?5=&p=12 | INFO: Run TokenBuild Behavior [ RunTime:0.000649s ]
[ 2012-09-21T19:11:32+08:00 ] /Ibike/?5=&p=12 | INFO: Run WriteHtmlCache Behavior [ RunTime:0.000437s ]
[ 2012-09-21T19:11:32+08:00 ] /Ibike/?5=&p=12 | INFO: Run ShowRuntime Behavior [ RunTime:0.000663s ]
[ 2012-09-21T19:11:32+08:00 ] /Ibike/?5=&p=12 | INFO: Tag[ view_filter ] --END-- [ RunTime:0.002591s ]
[ 2012-09-21T19:11:32+08:00 ] /Ibike/?5=&p=12 | INFO: Tag[ view_end ] --START--
[ 2012-09-21T19:11:32+08:00 ] /Ibike/?5=&p=12 | INFO: Run ShowPageTrace Behavior [ RunTime:0.000703s ]
[ 2012-09-21T19:11:32+08:00 ] /Ibike/?5=&p=12 | INFO: Tag[ view_end ] --END-- [ RunTime:0.000780s ]
[ 2012-09-21T19:11:32+08:00 ] /Ibike/index.php/Public/verify | INFO: Tag[ route_check ] --START--
[ 2012-09-21T19:11:32+08:00 ] /Ibike/index.php/Public/verify | INFO: Run CheckRoute Behavior [ RunTime:0.001087s ]
[ 2012-09-21T19:11:32+08:00 ] /Ibike/index.php/Public/verify | INFO: Tag[ route_check ] --END-- [ RunTime:0.001223s ]
[ 2012-09-21T19:11:32+08:00 ] /Ibike/index.php/Public/verify | INFO: Tag[ app_begin ] --START--
[ 2012-09-21T19:11:32+08:00 ] /Ibike/index.php/Public/verify | INFO: Run ReadHtmlCache Behavior [ RunTime:0.000876s ]
[ 2012-09-21T19:11:32+08:00 ] /Ibike/index.php/Public/verify | INFO: Tag[ app_begin ] --END-- [ RunTime:0.000967s ]
[ 2012-09-21T19:11:32+08:00 ] /Ibike/index.php/Public/verify | NOTIC: [8] Use of undefined constant png - assumed 'png' PublicAction.class.php Á¨¨ 8 Ë°å.
[ 2012-09-21T19:12:08+08:00 ] /Ibike/?5=&p=12 | INFO: Tag[ app_begin ] --START--
[ 2012-09-21T19:12:08+08:00 ] /Ibike/?5=&p=12 | INFO: Run ReadHtmlCache Behavior [ RunTime:0.001327s ]
[ 2012-09-21T19:12:08+08:00 ] /Ibike/?5=&p=12 | INFO: Tag[ app_begin ] --END-- [ RunTime:0.001482s ]
[ 2012-09-21T19:12:08+08:00 ] /Ibike/?5=&p=12 | SQL: SHOW COLUMNS FROM `think_user` [ RunTime:0.007680s ]
[ 2012-09-21T19:12:08+08:00 ] /Ibike/?5=&p=12 | NOTIC: [8] Use of undefined constant ‚ÄúPage‚Äù - assumed '‚ÄúPage‚Äù' IndexAction.class.php Á¨¨ 8 Ë°å.
[ 2012-09-21T19:12:08+08:00 ] /Ibike/?5=&p=12 | SQL: SELECT COUNT(*) AS tp_count FROM `think_user` LIMIT 1   [ RunTime:0.000675s ]
[ 2012-09-21T19:12:08+08:00 ] /Ibike/?5=&p=12 | SQL: SELECT * FROM `think_user` LIMIT 55,5   [ RunTime:0.001133s ]
[ 2012-09-21T19:12:08+08:00 ] /Ibike/?5=&p=12 | INFO: Tag[ view_template ] --START--
[ 2012-09-21T19:12:08+08:00 ] /Ibike/?5=&p=12 | INFO: Run LocationTemplate Behavior [ RunTime:0.001185s ]
[ 2012-09-21T19:12:08+08:00 ] /Ibike/?5=&p=12 | INFO: Tag[ view_template ] --END-- [ RunTime:0.001294s ]
[ 2012-09-21T19:12:08+08:00 ] /Ibike/?5=&p=12 | INFO: Tag[ view_parse ] --START--
[ 2012-09-21T19:12:08+08:00 ] /Ibike/?5=&p=12 | INFO: Run ParseTemplate Behavior [ RunTime:0.011980s ]
[ 2012-09-21T19:12:08+08:00 ] /Ibike/?5=&p=12 | INFO: Tag[ view_parse ] --END-- [ RunTime:0.012082s ]
[ 2012-09-21T19:12:08+08:00 ] /Ibike/?5=&p=12 | INFO: Tag[ view_filter ] --START--
[ 2012-09-21T19:12:08+08:00 ] /Ibike/?5=&p=12 | INFO: Run ContentReplace Behavior [ RunTime:0.000745s ]
[ 2012-09-21T19:12:08+08:00 ] /Ibike/?5=&p=12 | INFO: Run TokenBuild Behavior [ RunTime:0.000805s ]
[ 2012-09-21T19:12:08+08:00 ] /Ibike/?5=&p=12 | INFO: Run WriteHtmlCache Behavior [ RunTime:0.000604s ]
[ 2012-09-21T19:12:08+08:00 ] /Ibike/?5=&p=12 | INFO: Run ShowRuntime Behavior [ RunTime:0.000808s ]
[ 2012-09-21T19:12:08+08:00 ] /Ibike/?5=&p=12 | INFO: Tag[ view_filter ] --END-- [ RunTime:0.003243s ]
[ 2012-09-21T19:12:08+08:00 ] /Ibike/?5=&p=12 | INFO: Tag[ view_end ] --START--
[ 2012-09-21T19:12:08+08:00 ] /Ibike/?5=&p=12 | INFO: Run ShowPageTrace Behavior [ RunTime:0.000830s ]
[ 2012-09-21T19:12:08+08:00 ] /Ibike/?5=&p=12 | INFO: Tag[ view_end ] --END-- [ RunTime:0.000909s ]
[ 2012-09-21T19:12:08+08:00 ] /Ibike/index.php/Public/verify | INFO: Tag[ route_check ] --START--
[ 2012-09-21T19:12:08+08:00 ] /Ibike/index.php/Public/verify | INFO: Run CheckRoute Behavior [ RunTime:0.001232s ]
[ 2012-09-21T19:12:08+08:00 ] /Ibike/index.php/Public/verify | INFO: Tag[ route_check ] --END-- [ RunTime:0.001367s ]
[ 2012-09-21T19:12:08+08:00 ] /Ibike/index.php/Public/verify | INFO: Tag[ app_begin ] --START--
[ 2012-09-21T19:12:08+08:00 ] /Ibike/index.php/Public/verify | INFO: Run ReadHtmlCache Behavior [ RunTime:0.000912s ]
[ 2012-09-21T19:12:08+08:00 ] /Ibike/index.php/Public/verify | INFO: Tag[ app_begin ] --END-- [ RunTime:0.000997s ]
[ 2012-09-21T19:12:08+08:00 ] /Ibike/index.php/Public/verify | NOTIC: [8] Use of undefined constant png - assumed 'png' PublicAction.class.php Á¨¨ 8 Ë°å.
[ 2012-09-21T21:13:05+08:00 ] /Ibike/ | INFO: Tag[ app_begin ] --START--
[ 2012-09-21T21:13:05+08:00 ] /Ibike/ | INFO: Run ReadHtmlCache Behavior [ RunTime:0.023292s ]
[ 2012-09-21T21:13:05+08:00 ] /Ibike/ | INFO: Tag[ app_begin ] --END-- [ RunTime:0.027185s ]
[ 2012-09-21T21:13:05+08:00 ] /Ibike/ | SQL: SHOW COLUMNS FROM `think_user` [ RunTime:0.097338s ]
[ 2012-09-21T21:13:05+08:00 ] /Ibike/ | NOTIC: [8] Use of undefined constant ‚ÄúPage‚Äù - assumed '‚ÄúPage‚Äù' IndexAction.class.php Á¨¨ 8 Ë°å.
[ 2012-09-21T21:13:05+08:00 ] /Ibike/ | SQL: SELECT COUNT(*) AS tp_count FROM `think_user` LIMIT 1   [ RunTime:0.001375s ]
[ 2012-09-21T21:13:05+08:00 ] /Ibike/ | SQL: SELECT * FROM `think_user` LIMIT 0,5   [ RunTime:0.015127s ]
[ 2012-09-21T21:13:05+08:00 ] /Ibike/ | INFO: Tag[ view_template ] --START--
[ 2012-09-21T21:13:05+08:00 ] /Ibike/ | INFO: Run LocationTemplate Behavior [ RunTime:0.100770s ]
[ 2012-09-21T21:13:05+08:00 ] /Ibike/ | INFO: Tag[ view_template ] --END-- [ RunTime:0.101059s ]
[ 2012-09-21T21:13:05+08:00 ] /Ibike/ | INFO: Tag[ view_parse ] --START--
[ 2012-09-21T21:13:06+08:00 ] /Ibike/ | INFO: Run ParseTemplate Behavior [ RunTime:0.252031s ]
[ 2012-09-21T21:13:06+08:00 ] /Ibike/ | INFO: Tag[ view_parse ] --END-- [ RunTime:0.252262s ]
[ 2012-09-21T21:13:06+08:00 ] /Ibike/ | INFO: Tag[ view_filter ] --START--
[ 2012-09-21T21:13:06+08:00 ] /Ibike/ | INFO: Run ContentReplace Behavior [ RunTime:0.020999s ]
[ 2012-09-21T21:13:06+08:00 ] /Ibike/ | INFO: Run TokenBuild Behavior [ RunTime:0.003669s ]
[ 2012-09-21T21:13:06+08:00 ] /Ibike/ | INFO: Run WriteHtmlCache Behavior [ RunTime:0.015017s ]
[ 2012-09-21T21:13:06+08:00 ] /Ibike/ | INFO: Run ShowRuntime Behavior [ RunTime:0.003045s ]
[ 2012-09-21T21:13:06+08:00 ] /Ibike/ | INFO: Tag[ view_filter ] --END-- [ RunTime:0.043331s ]
[ 2012-09-21T21:13:06+08:00 ] /Ibike/ | INFO: Tag[ view_end ] --START--
[ 2012-09-21T21:13:06+08:00 ] /Ibike/ | INFO: Run ShowPageTrace Behavior [ RunTime:0.011456s ]
[ 2012-09-21T21:13:06+08:00 ] /Ibike/ | INFO: Tag[ view_end ] --END-- [ RunTime:0.011746s ]
[ 2012-09-21T21:13:06+08:00 ] /Ibike/index.php/Public/verify | INFO: Tag[ route_check ] --START--
[ 2012-09-21T21:13:06+08:00 ] /Ibike/index.php/Public/verify | INFO: Run CheckRoute Behavior [ RunTime:0.018390s ]
[ 2012-09-21T21:13:06+08:00 ] /Ibike/index.php/Public/verify | INFO: Tag[ route_check ] --END-- [ RunTime:0.018575s ]
[ 2012-09-21T21:13:06+08:00 ] /Ibike/index.php/Public/verify | INFO: Tag[ app_begin ] --START--
[ 2012-09-21T21:13:06+08:00 ] /Ibike/index.php/Public/verify | INFO: Run ReadHtmlCache Behavior [ RunTime:0.001140s ]
[ 2012-09-21T21:13:06+08:00 ] /Ibike/index.php/Public/verify | INFO: Tag[ app_begin ] --END-- [ RunTime:0.001249s ]
[ 2012-09-21T21:13:06+08:00 ] /Ibike/index.php/Public/verify | NOTIC: [8] Use of undefined constant png - assumed 'png' PublicAction.class.php Á¨¨ 8 Ë°å.
[ 2012-09-21T21:44:02+08:00 ] /Ibike/index.php/Public/upload | INFO: Tag[ route_check ] --START--
[ 2012-09-21T21:44:02+08:00 ] /Ibike/index.php/Public/upload | INFO: Run CheckRoute Behavior [ RunTime:0.002277s ]
[ 2012-09-21T21:44:02+08:00 ] /Ibike/index.php/Public/upload | INFO: Tag[ route_check ] --END-- [ RunTime:0.002448s ]
[ 2012-09-21T21:44:02+08:00 ] /Ibike/index.php/Public/upload | INFO: Tag[ app_begin ] --START--
[ 2012-09-21T21:44:02+08:00 ] /Ibike/index.php/Public/upload | INFO: Run ReadHtmlCache Behavior [ RunTime:0.001014s ]
[ 2012-09-21T21:44:02+08:00 ] /Ibike/index.php/Public/upload | INFO: Tag[ app_begin ] --END-- [ RunTime:0.001101s ]
[ 2012-09-21T21:44:02+08:00 ] /Ibike/index.php/Public/upload | NOTIC: [8] Use of undefined constant uniqid - assumed 'uniqid' PublicAction.class.php Á¨¨ 34 Ë°å.
[ 2012-09-21T21:44:03+08:00 ] /Ibike/index.php/Public/upload | NOTIC: [8] Undefined offset: 1 UploadFile.class.php Á¨¨ 163 Ë°å.
[ 2012-09-21T21:44:03+08:00 ] /Ibike/index.php/Public/upload | NOTIC: [8] Undefined property: UploadFile::$zipImags UploadFile.class.php Á¨¨ 172 Ë°å.
[ 2012-09-21T21:44:03+08:00 ] /Ibike/index.php/Public/upload | INFO: Tag[ view_template ] --START--
[ 2012-09-21T21:44:03+08:00 ] /Ibike/index.php/Public/upload | INFO: Run LocationTemplate Behavior [ RunTime:0.001480s ]
[ 2012-09-21T21:44:03+08:00 ] /Ibike/index.php/Public/upload | INFO: Tag[ view_template ] --END-- [ RunTime:0.001586s ]
[ 2012-09-21T21:44:03+08:00 ] /Ibike/index.php/Public/upload | INFO: Tag[ view_parse ] --START--
[ 2012-09-21T21:44:03+08:00 ] /Ibike/index.php/Public/upload | INFO: Run ParseTemplate Behavior [ RunTime:0.038616s ]
[ 2012-09-21T21:44:03+08:00 ] /Ibike/index.php/Public/upload | INFO: Tag[ view_parse ] --END-- [ RunTime:0.038721s ]
[ 2012-09-21T21:44:03+08:00 ] /Ibike/index.php/Public/upload | INFO: Tag[ view_filter ] --START--
[ 2012-09-21T21:44:03+08:00 ] /Ibike/index.php/Public/upload | INFO: Run ContentReplace Behavior [ RunTime:0.000820s ]
[ 2012-09-21T21:44:03+08:00 ] /Ibike/index.php/Public/upload | INFO: Run TokenBuild Behavior [ RunTime:0.000894s ]
[ 2012-09-21T21:44:03+08:00 ] /Ibike/index.php/Public/upload | INFO: Run WriteHtmlCache Behavior [ RunTime:0.000691s ]
[ 2012-09-21T21:44:03+08:00 ] /Ibike/index.php/Public/upload | INFO: Run ShowRuntime Behavior [ RunTime:0.001183s ]
[ 2012-09-21T21:44:03+08:00 ] /Ibike/index.php/Public/upload | INFO: Tag[ view_filter ] --END-- [ RunTime:0.003841s ]
[ 2012-09-21T21:44:03+08:00 ] /Ibike/index.php/Public/upload | INFO: Tag[ view_end ] --START--
[ 2012-09-21T21:44:03+08:00 ] /Ibike/index.php/Public/upload | INFO: Run ShowPageTrace Behavior [ RunTime:0.000937s ]
[ 2012-09-21T21:44:03+08:00 ] /Ibike/index.php/Public/upload | INFO: Tag[ view_end ] --END-- [ RunTime:0.001018s ]
[ 2012-09-21T21:44:15+08:00 ] /Ibike/ | INFO: Tag[ app_begin ] --START--
[ 2012-09-21T21:44:15+08:00 ] /Ibike/ | INFO: Run ReadHtmlCache Behavior [ RunTime:0.001046s ]
[ 2012-09-21T21:44:15+08:00 ] /Ibike/ | INFO: Tag[ app_begin ] --END-- [ RunTime:0.001185s ]
[ 2012-09-21T21:44:15+08:00 ] /Ibike/ | SQL: SHOW COLUMNS FROM `think_user` [ RunTime:0.008686s ]
[ 2012-09-21T21:44:15+08:00 ] /Ibike/ | NOTIC: [8] Use of undefined constant ‚ÄúPage‚Äù - assumed '‚ÄúPage‚Äù' IndexAction.class.php Á¨¨ 8 Ë°å.
[ 2012-09-21T21:44:15+08:00 ] /Ibike/ | SQL: SELECT COUNT(*) AS tp_count FROM `think_user` LIMIT 1   [ RunTime:0.000699s ]
[ 2012-09-21T21:44:15+08:00 ] /Ibike/ | SQL: SELECT * FROM `think_user` LIMIT 0,5   [ RunTime:0.001265s ]
[ 2012-09-21T21:44:15+08:00 ] /Ibike/ | INFO: Tag[ view_template ] --START--
[ 2012-09-21T21:44:15+08:00 ] /Ibike/ | INFO: Run LocationTemplate Behavior [ RunTime:0.001228s ]
[ 2012-09-21T21:44:15+08:00 ] /Ibike/ | INFO: Tag[ view_template ] --END-- [ RunTime:0.001344s ]
[ 2012-09-21T21:44:15+08:00 ] /Ibike/ | INFO: Tag[ view_parse ] --START--
[ 2012-09-21T21:44:15+08:00 ] /Ibike/ | INFO: Run ParseTemplate Behavior [ RunTime:0.011301s ]
[ 2012-09-21T21:44:15+08:00 ] /Ibike/ | INFO: Tag[ view_parse ] --END-- [ RunTime:0.011408s ]
[ 2012-09-21T21:44:15+08:00 ] /Ibike/ | INFO: Tag[ view_filter ] --START--
[ 2012-09-21T21:44:15+08:00 ] /Ibike/ | INFO: Run ContentReplace Behavior [ RunTime:0.000910s ]
[ 2012-09-21T21:44:15+08:00 ] /Ibike/ | INFO: Run TokenBuild Behavior [ RunTime:0.000929s ]
[ 2012-09-21T21:44:15+08:00 ] /Ibike/ | INFO: Run WriteHtmlCache Behavior [ RunTime:0.000667s ]
[ 2012-09-21T21:44:15+08:00 ] /Ibike/ | INFO: Run ShowRuntime Behavior [ RunTime:0.000854s ]
[ 2012-09-21T21:44:15+08:00 ] /Ibike/ | INFO: Tag[ view_filter ] --END-- [ RunTime:0.003608s ]
[ 2012-09-21T21:44:15+08:00 ] /Ibike/ | INFO: Tag[ view_end ] --START--
[ 2012-09-21T21:44:15+08:00 ] /Ibike/ | INFO: Run ShowPageTrace Behavior [ RunTime:0.000937s ]
[ 2012-09-21T21:44:15+08:00 ] /Ibike/ | INFO: Tag[ view_end ] --END-- [ RunTime:0.001017s ]
[ 2012-09-21T21:44:15+08:00 ] /Ibike/index.php/Public/verify | INFO: Tag[ route_check ] --START--
[ 2012-09-21T21:44:15+08:00 ] /Ibike/index.php/Public/verify | INFO: Run CheckRoute Behavior [ RunTime:0.001309s ]
[ 2012-09-21T21:44:15+08:00 ] /Ibike/index.php/Public/verify | INFO: Tag[ route_check ] --END-- [ RunTime:0.001457s ]
[ 2012-09-21T21:44:15+08:00 ] /Ibike/index.php/Public/verify | INFO: Tag[ app_begin ] --START--
[ 2012-09-21T21:44:15+08:00 ] /Ibike/index.php/Public/verify | INFO: Run ReadHtmlCache Behavior [ RunTime:0.001285s ]
[ 2012-09-21T21:44:15+08:00 ] /Ibike/index.php/Public/verify | INFO: Tag[ app_begin ] --END-- [ RunTime:0.001377s ]
[ 2012-09-21T21:44:15+08:00 ] /Ibike/index.php/Public/verify | NOTIC: [8] Use of undefined constant png - assumed 'png' PublicAction.class.php Á¨¨ 8 Ë°å.
[ 2012-09-21T21:45:07+08:00 ] /Ibike/?5=&p=2 | INFO: Tag[ app_begin ] --START--
[ 2012-09-21T21:45:07+08:00 ] /Ibike/?5=&p=2 | INFO: Run ReadHtmlCache Behavior [ RunTime:0.001014s ]
[ 2012-09-21T21:45:07+08:00 ] /Ibike/?5=&p=2 | INFO: Tag[ app_begin ] --END-- [ RunTime:0.001155s ]
[ 2012-09-21T21:45:07+08:00 ] /Ibike/?5=&p=2 | SQL: SHOW COLUMNS FROM `think_user` [ RunTime:0.008176s ]
[ 2012-09-21T21:45:07+08:00 ] /Ibike/?5=&p=2 | NOTIC: [8] Use of undefined constant ‚ÄúPage‚Äù - assumed '‚ÄúPage‚Äù' IndexAction.class.php Á¨¨ 8 Ë°å.
[ 2012-09-21T21:45:07+08:00 ] /Ibike/?5=&p=2 | SQL: SELECT COUNT(*) AS tp_count FROM `think_user` LIMIT 1   [ RunTime:0.000645s ]
[ 2012-09-21T21:45:07+08:00 ] /Ibike/?5=&p=2 | SQL: SELECT * FROM `think_user` LIMIT 5,5   [ RunTime:0.001604s ]
[ 2012-09-21T21:45:07+08:00 ] /Ibike/?5=&p=2 | INFO: Tag[ view_template ] --START--
[ 2012-09-21T21:45:07+08:00 ] /Ibike/?5=&p=2 | INFO: Run LocationTemplate Behavior [ RunTime:0.001210s ]
[ 2012-09-21T21:45:07+08:00 ] /Ibike/?5=&p=2 | INFO: Tag[ view_template ] --END-- [ RunTime:0.001317s ]
[ 2012-09-21T21:45:07+08:00 ] /Ibike/?5=&p=2 | INFO: Tag[ view_parse ] --START--
[ 2012-09-21T21:45:07+08:00 ] /Ibike/?5=&p=2 | INFO: Run ParseTemplate Behavior [ RunTime:0.011067s ]
[ 2012-09-21T21:45:07+08:00 ] /Ibike/?5=&p=2 | INFO: Tag[ view_parse ] --END-- [ RunTime:0.011175s ]
[ 2012-09-21T21:45:07+08:00 ] /Ibike/?5=&p=2 | INFO: Tag[ view_filter ] --START--
[ 2012-09-21T21:45:07+08:00 ] /Ibike/?5=&p=2 | INFO: Run ContentReplace Behavior [ RunTime:0.000862s ]
[ 2012-09-21T21:45:07+08:00 ] /Ibike/?5=&p=2 | INFO: Run TokenBuild Behavior [ RunTime:0.000937s ]
[ 2012-09-21T21:45:07+08:00 ] /Ibike/?5=&p=2 | INFO: Run WriteHtmlCache Behavior [ RunTime:0.000674s ]
[ 2012-09-21T21:45:07+08:00 ] /Ibike/?5=&p=2 | INFO: Run ShowRuntime Behavior [ RunTime:0.001266s ]
[ 2012-09-21T21:45:07+08:00 ] /Ibike/?5=&p=2 | INFO: Tag[ view_filter ] --END-- [ RunTime:0.004010s ]
[ 2012-09-21T21:45:07+08:00 ] /Ibike/?5=&p=2 | INFO: Tag[ view_end ] --START--
[ 2012-09-21T21:45:07+08:00 ] /Ibike/?5=&p=2 | INFO: Run ShowPageTrace Behavior [ RunTime:0.001217s ]
[ 2012-09-21T21:45:07+08:00 ] /Ibike/?5=&p=2 | INFO: Tag[ view_end ] --END-- [ RunTime:0.001308s ]
[ 2012-09-21T21:45:07+08:00 ] /Ibike/index.php/Public/verify | INFO: Tag[ route_check ] --START--
[ 2012-09-21T21:45:07+08:00 ] /Ibike/index.php/Public/verify | INFO: Run CheckRoute Behavior [ RunTime:0.001345s ]
[ 2012-09-21T21:45:07+08:00 ] /Ibike/index.php/Public/verify | INFO: Tag[ route_check ] --END-- [ RunTime:0.001484s ]
[ 2012-09-21T21:45:07+08:00 ] /Ibike/index.php/Public/verify | INFO: Tag[ app_begin ] --START--
[ 2012-09-21T21:45:07+08:00 ] /Ibike/index.php/Public/verify | INFO: Run ReadHtmlCache Behavior [ RunTime:0.001020s ]
[ 2012-09-21T21:45:07+08:00 ] /Ibike/index.php/Public/verify | INFO: Tag[ app_begin ] --END-- [ RunTime:0.001105s ]
[ 2012-09-21T21:45:07+08:00 ] /Ibike/index.php/Public/verify | NOTIC: [8] Use of undefined constant png - assumed 'png' PublicAction.class.php Á¨¨ 8 Ë°å.
[ 2012-09-21T21:45:14+08:00 ] /Ibike/?5=&p=3 | INFO: Tag[ app_begin ] --START--
[ 2012-09-21T21:45:14+08:00 ] /Ibike/?5=&p=3 | INFO: Run ReadHtmlCache Behavior [ RunTime:0.000976s ]
[ 2012-09-21T21:45:14+08:00 ] /Ibike/?5=&p=3 | INFO: Tag[ app_begin ] --END-- [ RunTime:0.001113s ]
[ 2012-09-21T21:45:15+08:00 ] /Ibike/?5=&p=3 | SQL: SHOW COLUMNS FROM `think_user` [ RunTime:0.007071s ]
[ 2012-09-21T21:45:15+08:00 ] /Ibike/?5=&p=3 | NOTIC: [8] Use of undefined constant ‚ÄúPage‚Äù - assumed '‚ÄúPage‚Äù' IndexAction.class.php Á¨¨ 8 Ë°å.
[ 2012-09-21T21:45:15+08:00 ] /Ibike/?5=&p=3 | SQL: SELECT COUNT(*) AS tp_count FROM `think_user` LIMIT 1   [ RunTime:0.000856s ]
[ 2012-09-21T21:45:15+08:00 ] /Ibike/?5=&p=3 | SQL: SELECT * FROM `think_user` LIMIT 10,5   [ RunTime:0.001719s ]
[ 2012-09-21T21:45:15+08:00 ] /Ibike/?5=&p=3 | INFO: Tag[ view_template ] --START--
[ 2012-09-21T21:45:15+08:00 ] /Ibike/?5=&p=3 | INFO: Run LocationTemplate Behavior [ RunTime:0.001235s ]
[ 2012-09-21T21:45:15+08:00 ] /Ibike/?5=&p=3 | INFO: Tag[ view_template ] --END-- [ RunTime:0.001344s ]
[ 2012-09-21T21:45:15+08:00 ] /Ibike/?5=&p=3 | INFO: Tag[ view_parse ] --START--
[ 2012-09-21T21:45:15+08:00 ] /Ibike/?5=&p=3 | INFO: Run ParseTemplate Behavior [ RunTime:0.011730s ]
[ 2012-09-21T21:45:15+08:00 ] /Ibike/?5=&p=3 | INFO: Tag[ view_parse ] --END-- [ RunTime:0.011830s ]
[ 2012-09-21T21:45:15+08:00 ] /Ibike/?5=&p=3 | INFO: Tag[ view_filter ] --START--
[ 2012-09-21T21:45:15+08:00 ] /Ibike/?5=&p=3 | INFO: Run ContentReplace Behavior [ RunTime:0.001114s ]
[ 2012-09-21T21:45:15+08:00 ] /Ibike/?5=&p=3 | INFO: Run TokenBuild Behavior [ RunTime:0.001108s ]
[ 2012-09-21T21:45:15+08:00 ] /Ibike/?5=&p=3 | INFO: Run WriteHtmlCache Behavior [ RunTime:0.000758s ]
[ 2012-09-21T21:45:15+08:00 ] /Ibike/?5=&p=3 | INFO: Run ShowRuntime Behavior [ RunTime:0.000881s ]
[ 2012-09-21T21:45:15+08:00 ] /Ibike/?5=&p=3 | INFO: Tag[ view_filter ] --END-- [ RunTime:0.004148s ]
[ 2012-09-21T21:45:15+08:00 ] /Ibike/?5=&p=3 | INFO: Tag[ view_end ] --START--
[ 2012-09-21T21:45:15+08:00 ] /Ibike/?5=&p=3 | INFO: Run ShowPageTrace Behavior [ RunTime:0.000958s ]
[ 2012-09-21T21:45:15+08:00 ] /Ibike/?5=&p=3 | INFO: Tag[ view_end ] --END-- [ RunTime:0.001038s ]
[ 2012-09-21T21:45:15+08:00 ] /Ibike/index.php/Public/verify | INFO: Tag[ route_check ] --START--
[ 2012-09-21T21:45:15+08:00 ] /Ibike/index.php/Public/verify | INFO: Run CheckRoute Behavior [ RunTime:0.001237s ]
[ 2012-09-21T21:45:15+08:00 ] /Ibike/index.php/Public/verify | INFO: Tag[ route_check ] --END-- [ RunTime:0.001377s ]
[ 2012-09-21T21:45:15+08:00 ] /Ibike/index.php/Public/verify | INFO: Tag[ app_begin ] --START--
[ 2012-09-21T21:45:15+08:00 ] /Ibike/index.php/Public/verify | INFO: Run ReadHtmlCache Behavior [ RunTime:0.001002s ]
[ 2012-09-21T21:45:15+08:00 ] /Ibike/index.php/Public/verify | INFO: Tag[ app_begin ] --END-- [ RunTime:0.001083s ]
[ 2012-09-21T21:45:15+08:00 ] /Ibike/index.php/Public/verify | NOTIC: [8] Use of undefined constant png - assumed 'png' PublicAction.class.php Á¨¨ 8 Ë°å.
[ 2012-09-21T21:45:19+08:00 ] /Ibike/?5=&p=4 | INFO: Tag[ app_begin ] --START--
[ 2012-09-21T21:45:19+08:00 ] /Ibike/?5=&p=4 | INFO: Run ReadHtmlCache Behavior [ RunTime:0.000970s ]
[ 2012-09-21T21:45:19+08:00 ] /Ibike/?5=&p=4 | INFO: Tag[ app_begin ] --END-- [ RunTime:0.001108s ]
[ 2012-09-21T21:45:19+08:00 ] /Ibike/?5=&p=4 | SQL: SHOW COLUMNS FROM `think_user` [ RunTime:0.008236s ]
[ 2012-09-21T21:45:19+08:00 ] /Ibike/?5=&p=4 | NOTIC: [8] Use of undefined constant ‚ÄúPage‚Äù - assumed '‚ÄúPage‚Äù' IndexAction.class.php Á¨¨ 8 Ë°å.
[ 2012-09-21T21:45:19+08:00 ] /Ibike/?5=&p=4 | SQL: SELECT COUNT(*) AS tp_count FROM `think_user` LIMIT 1   [ RunTime:0.000571s ]
[ 2012-09-21T21:45:19+08:00 ] /Ibike/?5=&p=4 | SQL: SELECT * FROM `think_user` LIMIT 15,5   [ RunTime:0.001031s ]
[ 2012-09-21T21:45:19+08:00 ] /Ibike/?5=&p=4 | INFO: Tag[ view_template ] --START--
[ 2012-09-21T21:45:19+08:00 ] /Ibike/?5=&p=4 | INFO: Run LocationTemplate Behavior [ RunTime:0.001210s ]
[ 2012-09-21T21:45:19+08:00 ] /Ibike/?5=&p=4 | INFO: Tag[ view_template ] --END-- [ RunTime:0.001317s ]
[ 2012-09-21T21:45:19+08:00 ] /Ibike/?5=&p=4 | INFO: Tag[ view_parse ] --START--
[ 2012-09-21T21:45:19+08:00 ] /Ibike/?5=&p=4 | INFO: Run ParseTemplate Behavior [ RunTime:0.012712s ]
[ 2012-09-21T21:45:19+08:00 ] /Ibike/?5=&p=4 | INFO: Tag[ view_parse ] --END-- [ RunTime:0.012858s ]
[ 2012-09-21T21:45:19+08:00 ] /Ibike/?5=&p=4 | INFO: Tag[ view_filter ] --START--
[ 2012-09-21T21:45:19+08:00 ] /Ibike/?5=&p=4 | INFO: Run ContentReplace Behavior [ RunTime:0.000859s ]
[ 2012-09-21T21:45:19+08:00 ] /Ibike/?5=&p=4 | INFO: Run TokenBuild Behavior [ RunTime:0.000924s ]
[ 2012-09-21T21:45:19+08:00 ] /Ibike/?5=&p=4 | INFO: Run WriteHtmlCache Behavior [ RunTime:0.000695s ]
[ 2012-09-21T21:45:19+08:00 ] /Ibike/?5=&p=4 | INFO: Run ShowRuntime Behavior [ RunTime:0.000886s ]
[ 2012-09-21T21:45:19+08:00 ] /Ibike/?5=&p=4 | INFO: Tag[ view_filter ] --END-- [ RunTime:0.003610s ]
[ 2012-09-21T21:45:19+08:00 ] /Ibike/?5=&p=4 | INFO: Tag[ view_end ] --START--
[ 2012-09-21T21:45:19+08:00 ] /Ibike/?5=&p=4 | INFO: Run ShowPageTrace Behavior [ RunTime:0.000955s ]
[ 2012-09-21T21:45:19+08:00 ] /Ibike/?5=&p=4 | INFO: Tag[ view_end ] --END-- [ RunTime:0.001046s ]
[ 2012-09-21T21:45:19+08:00 ] /Ibike/index.php/Public/verify | INFO: Tag[ route_check ] --START--
[ 2012-09-21T21:45:19+08:00 ] /Ibike/index.php/Public/verify | INFO: Run CheckRoute Behavior [ RunTime:0.001301s ]
[ 2012-09-21T21:45:19+08:00 ] /Ibike/index.php/Public/verify | INFO: Tag[ route_check ] --END-- [ RunTime:0.001445s ]
[ 2012-09-21T21:45:19+08:00 ] /Ibike/index.php/Public/verify | INFO: Tag[ app_begin ] --START--
[ 2012-09-21T21:45:19+08:00 ] /Ibike/index.php/Public/verify | INFO: Run ReadHtmlCache Behavior [ RunTime:0.001033s ]
[ 2012-09-21T21:45:19+08:00 ] /Ibike/index.php/Public/verify | INFO: Tag[ app_begin ] --END-- [ RunTime:0.001117s ]
[ 2012-09-21T21:45:19+08:00 ] /Ibike/index.php/Public/verify | NOTIC: [8] Use of undefined constant png - assumed 'png' PublicAction.class.php Á¨¨ 8 Ë°å.
[ 2012-09-21T21:45:24+08:00 ] /Ibike/?5=&p=5 | INFO: Tag[ app_begin ] --START--
[ 2012-09-21T21:45:24+08:00 ] /Ibike/?5=&p=5 | INFO: Run ReadHtmlCache Behavior [ RunTime:0.001410s ]
[ 2012-09-21T21:45:24+08:00 ] /Ibike/?5=&p=5 | INFO: Tag[ app_begin ] --END-- [ RunTime:0.001591s ]
[ 2012-09-21T21:45:24+08:00 ] /Ibike/?5=&p=5 | SQL: SHOW COLUMNS FROM `think_user` [ RunTime:0.007346s ]
[ 2012-09-21T21:45:24+08:00 ] /Ibike/?5=&p=5 | NOTIC: [8] Use of undefined constant ‚ÄúPage‚Äù - assumed '‚ÄúPage‚Äù' IndexAction.class.php Á¨¨ 8 Ë°å.
[ 2012-09-21T21:45:24+08:00 ] /Ibike/?5=&p=5 | SQL: SELECT COUNT(*) AS tp_count FROM `think_user` LIMIT 1   [ RunTime:0.000629s ]
[ 2012-09-21T21:45:24+08:00 ] /Ibike/?5=&p=5 | SQL: SELECT * FROM `think_user` LIMIT 20,5   [ RunTime:0.001006s ]
[ 2012-09-21T21:45:24+08:00 ] /Ibike/?5=&p=5 | INFO: Tag[ view_template ] --START--
[ 2012-09-21T21:45:24+08:00 ] /Ibike/?5=&p=5 | INFO: Run LocationTemplate Behavior [ RunTime:0.001584s ]
[ 2012-09-21T21:45:24+08:00 ] /Ibike/?5=&p=5 | INFO: Tag[ view_template ] --END-- [ RunTime:0.001717s ]
[ 2012-09-21T21:45:24+08:00 ] /Ibike/?5=&p=5 | INFO: Tag[ view_parse ] --START--
[ 2012-09-21T21:45:24+08:00 ] /Ibike/?5=&p=5 | INFO: Run ParseTemplate Behavior [ RunTime:0.011410s ]
[ 2012-09-21T21:45:24+08:00 ] /Ibike/?5=&p=5 | INFO: Tag[ view_parse ] --END-- [ RunTime:0.011513s ]
[ 2012-09-21T21:45:24+08:00 ] /Ibike/?5=&p=5 | INFO: Tag[ view_filter ] --START--
[ 2012-09-21T21:45:24+08:00 ] /Ibike/?5=&p=5 | INFO: Run ContentReplace Behavior [ RunTime:0.000960s ]
[ 2012-09-21T21:45:24+08:00 ] /Ibike/?5=&p=5 | INFO: Run TokenBuild Behavior [ RunTime:0.000951s ]
[ 2012-09-21T21:45:24+08:00 ] /Ibike/?5=&p=5 | INFO: Run WriteHtmlCache Behavior [ RunTime:0.000658s ]
[ 2012-09-21T21:45:24+08:00 ] /Ibike/?5=&p=5 | INFO: Run ShowRuntime Behavior [ RunTime:0.000847s ]
[ 2012-09-21T21:45:24+08:00 ] /Ibike/?5=&p=5 | INFO: Tag[ view_filter ] --END-- [ RunTime:0.003660s ]
[ 2012-09-21T21:45:24+08:00 ] /Ibike/?5=&p=5 | INFO: Tag[ view_end ] --START--
[ 2012-09-21T21:45:24+08:00 ] /Ibike/?5=&p=5 | INFO: Run ShowPageTrace Behavior [ RunTime:0.001041s ]
[ 2012-09-21T21:45:24+08:00 ] /Ibike/?5=&p=5 | INFO: Tag[ view_end ] --END-- [ RunTime:0.001287s ]
[ 2012-09-21T21:45:24+08:00 ] /Ibike/index.php/Public/verify | INFO: Tag[ route_check ] --START--
[ 2012-09-21T21:45:24+08:00 ] /Ibike/index.php/Public/verify | INFO: Run CheckRoute Behavior [ RunTime:0.001247s ]
[ 2012-09-21T21:45:24+08:00 ] /Ibike/index.php/Public/verify | INFO: Tag[ route_check ] --END-- [ RunTime:0.001387s ]
[ 2012-09-21T21:45:24+08:00 ] /Ibike/index.php/Public/verify | INFO: Tag[ app_begin ] --START--
[ 2012-09-21T21:45:24+08:00 ] /Ibike/index.php/Public/verify | INFO: Run ReadHtmlCache Behavior [ RunTime:0.001369s ]
[ 2012-09-21T21:45:24+08:00 ] /Ibike/index.php/Public/verify | INFO: Tag[ app_begin ] --END-- [ RunTime:0.001463s ]
[ 2012-09-21T21:45:24+08:00 ] /Ibike/index.php/Public/verify | NOTIC: [8] Use of undefined constant png - assumed 'png' PublicAction.class.php Á¨¨ 8 Ë°å.
[ 2012-09-21T21:45:26+08:00 ] /Ibike/?5=&p=6 | INFO: Tag[ app_begin ] --START--
[ 2012-09-21T21:45:26+08:00 ] /Ibike/?5=&p=6 | INFO: Run ReadHtmlCache Behavior [ RunTime:0.001544s ]
[ 2012-09-21T21:45:26+08:00 ] /Ibike/?5=&p=6 | INFO: Tag[ app_begin ] --END-- [ RunTime:0.001759s ]
[ 2012-09-21T21:45:26+08:00 ] /Ibike/?5=&p=6 | SQL: SHOW COLUMNS FROM `think_user` [ RunTime:0.012005s ]
[ 2012-09-21T21:45:26+08:00 ] /Ibike/?5=&p=6 | NOTIC: [8] Use of undefined constant ‚ÄúPage‚Äù - assumed '‚ÄúPage‚Äù' IndexAction.class.php Á¨¨ 8 Ë°å.
[ 2012-09-21T21:45:26+08:00 ] /Ibike/?5=&p=6 | SQL: SELECT COUNT(*) AS tp_count FROM `think_user` LIMIT 1   [ RunTime:0.000966s ]
[ 2012-09-21T21:45:26+08:00 ] /Ibike/?5=&p=6 | SQL: SELECT * FROM `think_user` LIMIT 25,5   [ RunTime:0.001826s ]
[ 2012-09-21T21:45:26+08:00 ] /Ibike/?5=&p=6 | INFO: Tag[ view_template ] --START--
[ 2012-09-21T21:45:26+08:00 ] /Ibike/?5=&p=6 | INFO: Run LocationTemplate Behavior [ RunTime:0.002571s ]
[ 2012-09-21T21:45:26+08:00 ] /Ibike/?5=&p=6 | INFO: Tag[ view_template ] --END-- [ RunTime:0.002750s ]
[ 2012-09-21T21:45:26+08:00 ] /Ibike/?5=&p=6 | INFO: Tag[ view_parse ] --START--
[ 2012-09-21T21:45:26+08:00 ] /Ibike/?5=&p=6 | INFO: Run ParseTemplate Behavior [ RunTime:0.015044s ]
[ 2012-09-21T21:45:26+08:00 ] /Ibike/?5=&p=6 | INFO: Tag[ view_parse ] --END-- [ RunTime:0.015184s ]
[ 2012-09-21T21:45:26+08:00 ] /Ibike/?5=&p=6 | INFO: Tag[ view_filter ] --START--
[ 2012-09-21T21:45:26+08:00 ] /Ibike/?5=&p=6 | INFO: Run ContentReplace Behavior [ RunTime:0.000834s ]
[ 2012-09-21T21:45:26+08:00 ] /Ibike/?5=&p=6 | INFO: Run TokenBuild Behavior [ RunTime:0.000905s ]
[ 2012-09-21T21:45:26+08:00 ] /Ibike/?5=&p=6 | INFO: Run WriteHtmlCache Behavior [ RunTime:0.000668s ]
[ 2012-09-21T21:45:26+08:00 ] /Ibike/?5=&p=6 | INFO: Run ShowRuntime Behavior [ RunTime:0.000851s ]
[ 2012-09-21T21:45:26+08:00 ] /Ibike/?5=&p=6 | INFO: Tag[ view_filter ] --END-- [ RunTime:0.003501s ]
[ 2012-09-21T21:45:26+08:00 ] /Ibike/?5=&p=6 | INFO: Tag[ view_end ] --START--
[ 2012-09-21T21:45:26+08:00 ] /Ibike/?5=&p=6 | INFO: Run ShowPageTrace Behavior [ RunTime:0.000926s ]
[ 2012-09-21T21:45:26+08:00 ] /Ibike/?5=&p=6 | INFO: Tag[ view_end ] --END-- [ RunTime:0.001006s ]
[ 2012-09-21T21:45:26+08:00 ] /Ibike/index.php/Public/verify | INFO: Tag[ route_check ] --START--
[ 2012-09-21T21:45:26+08:00 ] /Ibike/index.php/Public/verify | INFO: Run CheckRoute Behavior [ RunTime:0.001248s ]
[ 2012-09-21T21:45:26+08:00 ] /Ibike/index.php/Public/verify | INFO: Tag[ route_check ] --END-- [ RunTime:0.001387s ]
[ 2012-09-21T21:45:26+08:00 ] /Ibike/index.php/Public/verify | INFO: Tag[ app_begin ] --START--
[ 2012-09-21T21:45:26+08:00 ] /Ibike/index.php/Public/verify | INFO: Run ReadHtmlCache Behavior [ RunTime:0.001010s ]
[ 2012-09-21T21:45:26+08:00 ] /Ibike/index.php/Public/verify | INFO: Tag[ app_begin ] --END-- [ RunTime:0.001093s ]
[ 2012-09-21T21:45:26+08:00 ] /Ibike/index.php/Public/verify | NOTIC: [8] Use of undefined constant png - assumed 'png' PublicAction.class.php Á¨¨ 8 Ë°å.
[ 2012-09-21T21:45:28+08:00 ] /Ibike/?5=&p=7 | INFO: Tag[ app_begin ] --START--
[ 2012-09-21T21:45:28+08:00 ] /Ibike/?5=&p=7 | INFO: Run ReadHtmlCache Behavior [ RunTime:0.001458s ]
[ 2012-09-21T21:45:28+08:00 ] /Ibike/?5=&p=7 | INFO: Tag[ app_begin ] --END-- [ RunTime:0.001609s ]
[ 2012-09-21T21:45:28+08:00 ] /Ibike/?5=&p=7 | SQL: SHOW COLUMNS FROM `think_user` [ RunTime:0.007124s ]
[ 2012-09-21T21:45:28+08:00 ] /Ibike/?5=&p=7 | NOTIC: [8] Use of undefined constant ‚ÄúPage‚Äù - assumed '‚ÄúPage‚Äù' IndexAction.class.php Á¨¨ 8 Ë°å.
[ 2012-09-21T21:45:28+08:00 ] /Ibike/?5=&p=7 | SQL: SELECT COUNT(*) AS tp_count FROM `think_user` LIMIT 1   [ RunTime:0.000898s ]
[ 2012-09-21T21:45:28+08:00 ] /Ibike/?5=&p=7 | SQL: SELECT * FROM `think_user` LIMIT 30,5   [ RunTime:0.001422s ]
[ 2012-09-21T21:45:28+08:00 ] /Ibike/?5=&p=7 | INFO: Tag[ view_template ] --START--
[ 2012-09-21T21:45:28+08:00 ] /Ibike/?5=&p=7 | INFO: Run LocationTemplate Behavior [ RunTime:0.001248s ]
[ 2012-09-21T21:45:28+08:00 ] /Ibike/?5=&p=7 | INFO: Tag[ view_template ] --END-- [ RunTime:0.001358s ]
[ 2012-09-21T21:45:28+08:00 ] /Ibike/?5=&p=7 | INFO: Tag[ view_parse ] --START--
[ 2012-09-21T21:45:28+08:00 ] /Ibike/?5=&p=7 | INFO: Run ParseTemplate Behavior [ RunTime:0.011591s ]
[ 2012-09-21T21:45:28+08:00 ] /Ibike/?5=&p=7 | INFO: Tag[ view_parse ] --END-- [ RunTime:0.011695s ]
[ 2012-09-21T21:45:28+08:00 ] /Ibike/?5=&p=7 | INFO: Tag[ view_filter ] --START--
[ 2012-09-21T21:45:28+08:00 ] /Ibike/?5=&p=7 | INFO: Run ContentReplace Behavior [ RunTime:0.001080s ]
[ 2012-09-21T21:45:28+08:00 ] /Ibike/?5=&p=7 | INFO: Run TokenBuild Behavior [ RunTime:0.001117s ]
[ 2012-09-21T21:45:28+08:00 ] /Ibike/?5=&p=7 | INFO: Run WriteHtmlCache Behavior [ RunTime:0.000859s ]
[ 2012-09-21T21:45:28+08:00 ] /Ibike/?5=&p=7 | INFO: Run ShowRuntime Behavior [ RunTime:0.000991s ]
[ 2012-09-21T21:45:28+08:00 ] /Ibike/?5=&p=7 | INFO: Tag[ view_filter ] --END-- [ RunTime:0.004337s ]
[ 2012-09-21T21:45:28+08:00 ] /Ibike/?5=&p=7 | INFO: Tag[ view_end ] --START--
[ 2012-09-21T21:45:28+08:00 ] /Ibike/?5=&p=7 | INFO: Run ShowPageTrace Behavior [ RunTime:0.000980s ]
[ 2012-09-21T21:45:28+08:00 ] /Ibike/?5=&p=7 | INFO: Tag[ view_end ] --END-- [ RunTime:0.001062s ]
[ 2012-09-21T21:45:28+08:00 ] /Ibike/index.php/Public/verify | INFO: Tag[ route_check ] --START--
[ 2012-09-21T21:45:28+08:00 ] /Ibike/index.php/Public/verify | INFO: Run CheckRoute Behavior [ RunTime:0.001265s ]
[ 2012-09-21T21:45:28+08:00 ] /Ibike/index.php/Public/verify | INFO: Tag[ route_check ] --END-- [ RunTime:0.001405s ]
[ 2012-09-21T21:45:28+08:00 ] /Ibike/index.php/Public/verify | INFO: Tag[ app_begin ] --START--
[ 2012-09-21T21:45:28+08:00 ] /Ibike/index.php/Public/verify | INFO: Run ReadHtmlCache Behavior [ RunTime:0.001044s ]
[ 2012-09-21T21:45:28+08:00 ] /Ibike/index.php/Public/verify | INFO: Tag[ app_begin ] --END-- [ RunTime:0.001130s ]
[ 2012-09-21T21:45:28+08:00 ] /Ibike/index.php/Public/verify | NOTIC: [8] Use of undefined constant png - assumed 'png' PublicAction.class.php Á¨¨ 8 Ë°å.
[ 2012-09-21T21:45:31+08:00 ] /Ibike/?5=&p=14 | INFO: Tag[ app_begin ] --START--
[ 2012-09-21T21:45:31+08:00 ] /Ibike/?5=&p=14 | INFO: Run ReadHtmlCache Behavior [ RunTime:0.001281s ]
[ 2012-09-21T21:45:31+08:00 ] /Ibike/?5=&p=14 | INFO: Tag[ app_begin ] --END-- [ RunTime:0.001468s ]
[ 2012-09-21T21:45:31+08:00 ] /Ibike/?5=&p=14 | SQL: SHOW COLUMNS FROM `think_user` [ RunTime:0.010297s ]
[ 2012-09-21T21:45:31+08:00 ] /Ibike/?5=&p=14 | NOTIC: [8] Use of undefined constant ‚ÄúPage‚Äù - assumed '‚ÄúPage‚Äù' IndexAction.class.php Á¨¨ 8 Ë°å.
[ 2012-09-21T21:45:31+08:00 ] /Ibike/?5=&p=14 | SQL: SELECT COUNT(*) AS tp_count FROM `think_user` LIMIT 1   [ RunTime:0.000553s ]
[ 2012-09-21T21:45:31+08:00 ] /Ibike/?5=&p=14 | SQL: SELECT * FROM `think_user` LIMIT 65,5   [ RunTime:0.001221s ]
[ 2012-09-21T21:45:31+08:00 ] /Ibike/?5=&p=14 | INFO: Tag[ view_template ] --START--
[ 2012-09-21T21:45:31+08:00 ] /Ibike/?5=&p=14 | INFO: Run LocationTemplate Behavior [ RunTime:0.001658s ]
[ 2012-09-21T21:45:31+08:00 ] /Ibike/?5=&p=14 | INFO: Tag[ view_template ] --END-- [ RunTime:0.001803s ]
[ 2012-09-21T21:45:31+08:00 ] /Ibike/?5=&p=14 | INFO: Tag[ view_parse ] --START--
[ 2012-09-21T21:45:31+08:00 ] /Ibike/?5=&p=14 | INFO: Run ParseTemplate Behavior [ RunTime:0.015382s ]
[ 2012-09-21T21:45:31+08:00 ] /Ibike/?5=&p=14 | INFO: Tag[ view_parse ] --END-- [ RunTime:0.015517s ]
[ 2012-09-21T21:45:31+08:00 ] /Ibike/?5=&p=14 | INFO: Tag[ view_filter ] --START--
[ 2012-09-21T21:45:31+08:00 ] /Ibike/?5=&p=14 | INFO: Run ContentReplace Behavior [ RunTime:0.001089s ]
[ 2012-09-21T21:45:31+08:00 ] /Ibike/?5=&p=14 | INFO: Run TokenBuild Behavior [ RunTime:0.001436s ]
[ 2012-09-21T21:45:31+08:00 ] /Ibike/?5=&p=14 | INFO: Run WriteHtmlCache Behavior [ RunTime:0.000687s ]
[ 2012-09-21T21:45:31+08:00 ] /Ibike/?5=&p=14 | INFO: Run ShowRuntime Behavior [ RunTime:0.000903s ]
[ 2012-09-21T21:45:31+08:00 ] /Ibike/?5=&p=14 | INFO: Tag[ view_filter ] --END-- [ RunTime:0.004391s ]
[ 2012-09-21T21:45:31+08:00 ] /Ibike/?5=&p=14 | INFO: Tag[ view_end ] --START--
[ 2012-09-21T21:45:31+08:00 ] /Ibike/?5=&p=14 | INFO: Run ShowPageTrace Behavior [ RunTime:0.000989s ]
[ 2012-09-21T21:45:31+08:00 ] /Ibike/?5=&p=14 | INFO: Tag[ view_end ] --END-- [ RunTime:0.001074s ]
[ 2012-09-21T21:45:31+08:00 ] /Ibike/index.php/Public/verify | INFO: Tag[ route_check ] --START--
[ 2012-09-21T21:45:31+08:00 ] /Ibike/index.php/Public/verify | INFO: Run CheckRoute Behavior [ RunTime:0.001232s ]
[ 2012-09-21T21:45:31+08:00 ] /Ibike/index.php/Public/verify | INFO: Tag[ route_check ] --END-- [ RunTime:0.001369s ]
[ 2012-09-21T21:45:31+08:00 ] /Ibike/index.php/Public/verify | INFO: Tag[ app_begin ] --START--
[ 2012-09-21T21:45:31+08:00 ] /Ibike/index.php/Public/verify | INFO: Run ReadHtmlCache Behavior [ RunTime:0.000990s ]
[ 2012-09-21T21:45:31+08:00 ] /Ibike/index.php/Public/verify | INFO: Tag[ app_begin ] --END-- [ RunTime:0.001072s ]
[ 2012-09-21T21:45:31+08:00 ] /Ibike/index.php/Public/verify | NOTIC: [8] Use of undefined constant png - assumed 'png' PublicAction.class.php Á¨¨ 8 Ë°å.
[ 2012-09-21T21:45:35+08:00 ] /Ibike/?5=&p=13 | INFO: Tag[ app_begin ] --START--
[ 2012-09-21T21:45:35+08:00 ] /Ibike/?5=&p=13 | INFO: Run ReadHtmlCache Behavior [ RunTime:0.001531s ]
[ 2012-09-21T21:45:35+08:00 ] /Ibike/?5=&p=13 | INFO: Tag[ app_begin ] --END-- [ RunTime:0.001744s ]
[ 2012-09-21T21:45:35+08:00 ] /Ibike/?5=&p=13 | SQL: SHOW COLUMNS FROM `think_user` [ RunTime:0.007113s ]
[ 2012-09-21T21:45:35+08:00 ] /Ibike/?5=&p=13 | NOTIC: [8] Use of undefined constant ‚ÄúPage‚Äù - assumed '‚ÄúPage‚Äù' IndexAction.class.php Á¨¨ 8 Ë°å.
[ 2012-09-21T21:45:35+08:00 ] /Ibike/?5=&p=13 | SQL: SELECT COUNT(*) AS tp_count FROM `think_user` LIMIT 1   [ RunTime:0.000528s ]
[ 2012-09-21T21:45:35+08:00 ] /Ibike/?5=&p=13 | SQL: SELECT * FROM `think_user` LIMIT 60,5   [ RunTime:0.000973s ]
[ 2012-09-21T21:45:35+08:00 ] /Ibike/?5=&p=13 | INFO: Tag[ view_template ] --START--
[ 2012-09-21T21:45:35+08:00 ] /Ibike/?5=&p=13 | INFO: Run LocationTemplate Behavior [ RunTime:0.001331s ]
[ 2012-09-21T21:45:35+08:00 ] /Ibike/?5=&p=13 | INFO: Tag[ view_template ] --END-- [ RunTime:0.001442s ]
[ 2012-09-21T21:45:35+08:00 ] /Ibike/?5=&p=13 | INFO: Tag[ view_parse ] --START--
[ 2012-09-21T21:45:35+08:00 ] /Ibike/?5=&p=13 | INFO: Run ParseTemplate Behavior [ RunTime:0.011532s ]
[ 2012-09-21T21:45:35+08:00 ] /Ibike/?5=&p=13 | INFO: Tag[ view_parse ] --END-- [ RunTime:0.011636s ]
[ 2012-09-21T21:45:35+08:00 ] /Ibike/?5=&p=13 | INFO: Tag[ view_filter ] --START--
[ 2012-09-21T21:45:35+08:00 ] /Ibike/?5=&p=13 | INFO: Run ContentReplace Behavior [ RunTime:0.000841s ]
[ 2012-09-21T21:45:35+08:00 ] /Ibike/?5=&p=13 | INFO: Run TokenBuild Behavior [ RunTime:0.000920s ]
[ 2012-09-21T21:45:35+08:00 ] /Ibike/?5=&p=13 | INFO: Run WriteHtmlCache Behavior [ RunTime:0.000657s ]
[ 2012-09-21T21:45:35+08:00 ] /Ibike/?5=&p=13 | INFO: Run ShowRuntime Behavior [ RunTime:0.001588s ]
[ 2012-09-21T21:45:35+08:00 ] /Ibike/?5=&p=13 | INFO: Tag[ view_filter ] --END-- [ RunTime:0.004261s ]
[ 2012-09-21T21:45:35+08:00 ] /Ibike/?5=&p=13 | INFO: Tag[ view_end ] --START--
[ 2012-09-21T21:45:35+08:00 ] /Ibike/?5=&p=13 | INFO: Run ShowPageTrace Behavior [ RunTime:0.001050s ]
[ 2012-09-21T21:45:35+08:00 ] /Ibike/?5=&p=13 | INFO: Tag[ view_end ] --END-- [ RunTime:0.001137s ]
[ 2012-09-21T21:45:35+08:00 ] /Ibike/index.php/Public/verify | INFO: Tag[ route_check ] --START--
[ 2012-09-21T21:45:35+08:00 ] /Ibike/index.php/Public/verify | INFO: Run CheckRoute Behavior [ RunTime:0.001239s ]
[ 2012-09-21T21:45:35+08:00 ] /Ibike/index.php/Public/verify | INFO: Tag[ route_check ] --END-- [ RunTime:0.001380s ]
[ 2012-09-21T21:45:35+08:00 ] /Ibike/index.php/Public/verify | INFO: Tag[ app_begin ] --START--
[ 2012-09-21T21:45:35+08:00 ] /Ibike/index.php/Public/verify | INFO: Run ReadHtmlCache Behavior [ RunTime:0.001020s ]
[ 2012-09-21T21:45:35+08:00 ] /Ibike/index.php/Public/verify | INFO: Tag[ app_begin ] --END-- [ RunTime:0.001104s ]
[ 2012-09-21T21:45:35+08:00 ] /Ibike/index.php/Public/verify | NOTIC: [8] Use of undefined constant png - assumed 'png' PublicAction.class.php Á¨¨ 8 Ë°å.
[ 2012-09-21T21:45:38+08:00 ] /Ibike/?5=&p=12 | INFO: Tag[ app_begin ] --START--
[ 2012-09-21T21:45:38+08:00 ] /Ibike/?5=&p=12 | INFO: Run ReadHtmlCache Behavior [ RunTime:0.001305s ]
[ 2012-09-21T21:45:38+08:00 ] /Ibike/?5=&p=12 | INFO: Tag[ app_begin ] --END-- [ RunTime:0.001485s ]
[ 2012-09-21T21:45:38+08:00 ] /Ibike/?5=&p=12 | SQL: SHOW COLUMNS FROM `think_user` [ RunTime:0.008488s ]
[ 2012-09-21T21:45:38+08:00 ] /Ibike/?5=&p=12 | NOTIC: [8] Use of undefined constant ‚ÄúPage‚Äù - assumed '‚ÄúPage‚Äù' IndexAction.class.php Á¨¨ 8 Ë°å.
[ 2012-09-21T21:45:38+08:00 ] /Ibike/?5=&p=12 | SQL: SELECT COUNT(*) AS tp_count FROM `think_user` LIMIT 1   [ RunTime:0.000581s ]
[ 2012-09-21T21:45:38+08:00 ] /Ibike/?5=&p=12 | SQL: SELECT * FROM `think_user` LIMIT 55,5   [ RunTime:0.001196s ]
[ 2012-09-21T21:45:38+08:00 ] /Ibike/?5=&p=12 | INFO: Tag[ view_template ] --START--
[ 2012-09-21T21:45:38+08:00 ] /Ibike/?5=&p=12 | INFO: Run LocationTemplate Behavior [ RunTime:0.001245s ]
[ 2012-09-21T21:45:38+08:00 ] /Ibike/?5=&p=12 | INFO: Tag[ view_template ] --END-- [ RunTime:0.001359s ]
[ 2012-09-21T21:45:38+08:00 ] /Ibike/?5=&p=12 | INFO: Tag[ view_parse ] --START--
[ 2012-09-21T21:45:38+08:00 ] /Ibike/?5=&p=12 | INFO: Run ParseTemplate Behavior [ RunTime:0.011094s ]
[ 2012-09-21T21:45:38+08:00 ] /Ibike/?5=&p=12 | INFO: Tag[ view_parse ] --END-- [ RunTime:0.011197s ]
[ 2012-09-21T21:45:38+08:00 ] /Ibike/?5=&p=12 | INFO: Tag[ view_filter ] --START--
[ 2012-09-21T21:45:38+08:00 ] /Ibike/?5=&p=12 | INFO: Run ContentReplace Behavior [ RunTime:0.001242s ]
[ 2012-09-21T21:45:38+08:00 ] /Ibike/?5=&p=12 | INFO: Run TokenBuild Behavior [ RunTime:0.001013s ]
[ 2012-09-21T21:45:38+08:00 ] /Ibike/?5=&p=12 | INFO: Run WriteHtmlCache Behavior [ RunTime:0.000667s ]
[ 2012-09-21T21:45:38+08:00 ] /Ibike/?5=&p=12 | INFO: Run ShowRuntime Behavior [ RunTime:0.000882s ]
[ 2012-09-21T21:45:38+08:00 ] /Ibike/?5=&p=12 | INFO: Tag[ view_filter ] --END-- [ RunTime:0.004056s ]
[ 2012-09-21T21:45:38+08:00 ] /Ibike/?5=&p=12 | INFO: Tag[ view_end ] --START--
[ 2012-09-21T21:45:38+08:00 ] /Ibike/?5=&p=12 | INFO: Run ShowPageTrace Behavior [ RunTime:0.000939s ]
[ 2012-09-21T21:45:38+08:00 ] /Ibike/?5=&p=12 | INFO: Tag[ view_end ] --END-- [ RunTime:0.001021s ]
[ 2012-09-21T21:45:38+08:00 ] /Ibike/index.php/Public/verify | INFO: Tag[ route_check ] --START--
[ 2012-09-21T21:45:38+08:00 ] /Ibike/index.php/Public/verify | INFO: Run CheckRoute Behavior [ RunTime:0.001253s ]
[ 2012-09-21T21:45:38+08:00 ] /Ibike/index.php/Public/verify | INFO: Tag[ route_check ] --END-- [ RunTime:0.001395s ]
[ 2012-09-21T21:45:38+08:00 ] /Ibike/index.php/Public/verify | INFO: Tag[ app_begin ] --START--
[ 2012-09-21T21:45:38+08:00 ] /Ibike/index.php/Public/verify | INFO: Run ReadHtmlCache Behavior [ RunTime:0.001013s ]
[ 2012-09-21T21:45:38+08:00 ] /Ibike/index.php/Public/verify | INFO: Tag[ app_begin ] --END-- [ RunTime:0.001101s ]
[ 2012-09-21T21:45:38+08:00 ] /Ibike/index.php/Public/verify | NOTIC: [8] Use of undefined constant png - assumed 'png' PublicAction.class.php Á¨¨ 8 Ë°å.
[ 2012-09-21T21:45:40+08:00 ] /Ibike/?5=&p=11 | INFO: Tag[ app_begin ] --START--
[ 2012-09-21T21:45:40+08:00 ] /Ibike/?5=&p=11 | INFO: Run ReadHtmlCache Behavior [ RunTime:0.001400s ]
[ 2012-09-21T21:45:40+08:00 ] /Ibike/?5=&p=11 | INFO: Tag[ app_begin ] --END-- [ RunTime:0.001584s ]
[ 2012-09-21T21:45:40+08:00 ] /Ibike/?5=&p=11 | SQL: SHOW COLUMNS FROM `think_user` [ RunTime:0.009710s ]
[ 2012-09-21T21:45:40+08:00 ] /Ibike/?5=&p=11 | NOTIC: [8] Use of undefined constant ‚ÄúPage‚Äù - assumed '‚ÄúPage‚Äù' IndexAction.class.php Á¨¨ 8 Ë°å.
[ 2012-09-21T21:45:40+08:00 ] /Ibike/?5=&p=11 | SQL: SELECT COUNT(*) AS tp_count FROM `think_user` LIMIT 1   [ RunTime:0.000692s ]
[ 2012-09-21T21:45:40+08:00 ] /Ibike/?5=&p=11 | SQL: SELECT * FROM `think_user` LIMIT 50,5   [ RunTime:0.001277s ]
[ 2012-09-21T21:45:40+08:00 ] /Ibike/?5=&p=11 | INFO: Tag[ view_template ] --START--
[ 2012-09-21T21:45:40+08:00 ] /Ibike/?5=&p=11 | INFO: Run LocationTemplate Behavior [ RunTime:0.001747s ]
[ 2012-09-21T21:45:40+08:00 ] /Ibike/?5=&p=11 | INFO: Tag[ view_template ] --END-- [ RunTime:0.001883s ]
[ 2012-09-21T21:45:40+08:00 ] /Ibike/?5=&p=11 | INFO: Tag[ view_parse ] --START--
[ 2012-09-21T21:45:40+08:00 ] /Ibike/?5=&p=11 | INFO: Run ParseTemplate Behavior [ RunTime:0.011543s ]
[ 2012-09-21T21:45:40+08:00 ] /Ibike/?5=&p=11 | INFO: Tag[ view_parse ] --END-- [ RunTime:0.011650s ]
[ 2012-09-21T21:45:40+08:00 ] /Ibike/?5=&p=11 | INFO: Tag[ view_filter ] --START--
[ 2012-09-21T21:45:40+08:00 ] /Ibike/?5=&p=11 | INFO: Run ContentReplace Behavior [ RunTime:0.000875s ]
[ 2012-09-21T21:45:40+08:00 ] /Ibike/?5=&p=11 | INFO: Run TokenBuild Behavior [ RunTime:0.000951s ]
[ 2012-09-21T21:45:40+08:00 ] /Ibike/?5=&p=11 | INFO: Run WriteHtmlCache Behavior [ RunTime:0.000676s ]
[ 2012-09-21T21:45:40+08:00 ] /Ibike/?5=&p=11 | INFO: Run ShowRuntime Behavior [ RunTime:0.001030s ]
[ 2012-09-21T21:45:40+08:00 ] /Ibike/?5=&p=11 | INFO: Tag[ view_filter ] --END-- [ RunTime:0.004052s ]
[ 2012-09-21T21:45:40+08:00 ] /Ibike/?5=&p=11 | INFO: Tag[ view_end ] --START--
[ 2012-09-21T21:45:40+08:00 ] /Ibike/?5=&p=11 | INFO: Run ShowPageTrace Behavior [ RunTime:0.000954s ]
[ 2012-09-21T21:45:40+08:00 ] /Ibike/?5=&p=11 | INFO: Tag[ view_end ] --END-- [ RunTime:0.001035s ]
[ 2012-09-21T21:45:40+08:00 ] /Ibike/index.php/Public/verify | INFO: Tag[ route_check ] --START--
[ 2012-09-21T21:45:40+08:00 ] /Ibike/index.php/Public/verify | INFO: Run CheckRoute Behavior [ RunTime:0.001425s ]
[ 2012-09-21T21:45:40+08:00 ] /Ibike/index.php/Public/verify | INFO: Tag[ route_check ] --END-- [ RunTime:0.001567s ]
[ 2012-09-21T21:45:40+08:00 ] /Ibike/index.php/Public/verify | INFO: Tag[ app_begin ] --START--
[ 2012-09-21T21:45:40+08:00 ] /Ibike/index.php/Public/verify | INFO: Run ReadHtmlCache Behavior [ RunTime:0.001021s ]
[ 2012-09-21T21:45:40+08:00 ] /Ibike/index.php/Public/verify | INFO: Tag[ app_begin ] --END-- [ RunTime:0.001107s ]
[ 2012-09-21T21:45:40+08:00 ] /Ibike/index.php/Public/verify | NOTIC: [8] Use of undefined constant png - assumed 'png' PublicAction.class.php Á¨¨ 8 Ë°å.
[ 2012-09-21T21:45:41+08:00 ] /Ibike/?5=&p=10 | INFO: Tag[ app_begin ] --START--
[ 2012-09-21T21:45:41+08:00 ] /Ibike/?5=&p=10 | INFO: Run ReadHtmlCache Behavior [ RunTime:0.001611s ]
[ 2012-09-21T21:45:41+08:00 ] /Ibike/?5=&p=10 | INFO: Tag[ app_begin ] --END-- [ RunTime:0.001827s ]
[ 2012-09-21T21:45:41+08:00 ] /Ibike/?5=&p=10 | SQL: SHOW COLUMNS FROM `think_user` [ RunTime:0.011839s ]
[ 2012-09-21T21:45:41+08:00 ] /Ibike/?5=&p=10 | NOTIC: [8] Use of undefined constant ‚ÄúPage‚Äù - assumed '‚ÄúPage‚Äù' IndexAction.class.php Á¨¨ 8 Ë°å.
[ 2012-09-21T21:45:41+08:00 ] /Ibike/?5=&p=10 | SQL: SELECT COUNT(*) AS tp_count FROM `think_user` LIMIT 1   [ RunTime:0.000915s ]
[ 2012-09-21T21:45:41+08:00 ] /Ibike/?5=&p=10 | SQL: SELECT * FROM `think_user` LIMIT 45,5   [ RunTime:0.001442s ]
[ 2012-09-21T21:45:41+08:00 ] /Ibike/?5=&p=10 | INFO: Tag[ view_template ] --START--
[ 2012-09-21T21:45:41+08:00 ] /Ibike/?5=&p=10 | INFO: Run LocationTemplate Behavior [ RunTime:0.001305s ]
[ 2012-09-21T21:45:41+08:00 ] /Ibike/?5=&p=10 | INFO: Tag[ view_template ] --END-- [ RunTime:0.001418s ]
[ 2012-09-21T21:45:41+08:00 ] /Ibike/?5=&p=10 | INFO: Tag[ view_parse ] --START--
[ 2012-09-21T21:45:41+08:00 ] /Ibike/?5=&p=10 | INFO: Run ParseTemplate Behavior [ RunTime:0.010888s ]
[ 2012-09-21T21:45:41+08:00 ] /Ibike/?5=&p=10 | INFO: Tag[ view_parse ] --END-- [ RunTime:0.010990s ]
[ 2012-09-21T21:45:41+08:00 ] /Ibike/?5=&p=10 | INFO: Tag[ view_filter ] --START--
[ 2012-09-21T21:45:41+08:00 ] /Ibike/?5=&p=10 | INFO: Run ContentReplace Behavior [ RunTime:0.000843s ]
[ 2012-09-21T21:45:41+08:00 ] /Ibike/?5=&p=10 | INFO: Run TokenBuild Behavior [ RunTime:0.000903s ]
[ 2012-09-21T21:45:41+08:00 ] /Ibike/?5=&p=10 | INFO: Run WriteHtmlCache Behavior [ RunTime:0.000659s ]
[ 2012-09-21T21:45:41+08:00 ] /Ibike/?5=&p=10 | INFO: Run ShowRuntime Behavior [ RunTime:0.000848s ]
[ 2012-09-21T21:45:41+08:00 ] /Ibike/?5=&p=10 | INFO: Tag[ view_filter ] --END-- [ RunTime:0.003493s ]
[ 2012-09-21T21:45:41+08:00 ] /Ibike/?5=&p=10 | INFO: Tag[ view_end ] --START--
[ 2012-09-21T21:45:41+08:00 ] /Ibike/?5=&p=10 | INFO: Run ShowPageTrace Behavior [ RunTime:0.000941s ]
[ 2012-09-21T21:45:41+08:00 ] /Ibike/?5=&p=10 | INFO: Tag[ view_end ] --END-- [ RunTime:0.001022s ]
[ 2012-09-21T21:45:41+08:00 ] /Ibike/index.php/Public/verify | INFO: Tag[ route_check ] --START--
[ 2012-09-21T21:45:41+08:00 ] /Ibike/index.php/Public/verify | INFO: Run CheckRoute Behavior [ RunTime:0.001250s ]
[ 2012-09-21T21:45:41+08:00 ] /Ibike/index.php/Public/verify | INFO: Tag[ route_check ] --END-- [ RunTime:0.001390s ]
[ 2012-09-21T21:45:41+08:00 ] /Ibike/index.php/Public/verify | INFO: Tag[ app_begin ] --START--
[ 2012-09-21T21:45:41+08:00 ] /Ibike/index.php/Public/verify | INFO: Run ReadHtmlCache Behavior [ RunTime:0.001011s ]
[ 2012-09-21T21:45:41+08:00 ] /Ibike/index.php/Public/verify | INFO: Tag[ app_begin ] --END-- [ RunTime:0.001098s ]
[ 2012-09-21T21:45:41+08:00 ] /Ibike/index.php/Public/verify | NOTIC: [8] Use of undefined constant png - assumed 'png' PublicAction.class.php Á¨¨ 8 Ë°å.
[ 2012-09-21T21:45:42+08:00 ] /Ibike/?5=&p=9 | INFO: Tag[ app_begin ] --START--
[ 2012-09-21T21:45:42+08:00 ] /Ibike/?5=&p=9 | INFO: Run ReadHtmlCache Behavior [ RunTime:0.001533s ]
[ 2012-09-21T21:45:42+08:00 ] /Ibike/?5=&p=9 | INFO: Tag[ app_begin ] --END-- [ RunTime:0.001752s ]
[ 2012-09-21T21:45:42+08:00 ] /Ibike/?5=&p=9 | SQL: SHOW COLUMNS FROM `think_user` [ RunTime:0.011442s ]
[ 2012-09-21T21:45:42+08:00 ] /Ibike/?5=&p=9 | NOTIC: [8] Use of undefined constant ‚ÄúPage‚Äù - assumed '‚ÄúPage‚Äù' IndexAction.class.php Á¨¨ 8 Ë°å.
[ 2012-09-21T21:45:42+08:00 ] /Ibike/?5=&p=9 | SQL: SELECT COUNT(*) AS tp_count FROM `think_user` LIMIT 1   [ RunTime:0.001081s ]
[ 2012-09-21T21:45:42+08:00 ] /Ibike/?5=&p=9 | SQL: SELECT * FROM `think_user` LIMIT 40,5   [ RunTime:0.001862s ]
[ 2012-09-21T21:45:42+08:00 ] /Ibike/?5=&p=9 | INFO: Tag[ view_template ] --START--
[ 2012-09-21T21:45:42+08:00 ] /Ibike/?5=&p=9 | INFO: Run LocationTemplate Behavior [ RunTime:0.001883s ]
[ 2012-09-21T21:45:42+08:00 ] /Ibike/?5=&p=9 | INFO: Tag[ view_template ] --END-- [ RunTime:0.002038s ]
[ 2012-09-21T21:45:42+08:00 ] /Ibike/?5=&p=9 | INFO: Tag[ view_parse ] --START--
[ 2012-09-21T21:45:42+08:00 ] /Ibike/?5=&p=9 | INFO: Run ParseTemplate Behavior [ RunTime:0.018045s ]
[ 2012-09-21T21:45:42+08:00 ] /Ibike/?5=&p=9 | INFO: Tag[ view_parse ] --END-- [ RunTime:0.018197s ]
[ 2012-09-21T21:45:42+08:00 ] /Ibike/?5=&p=9 | INFO: Tag[ view_filter ] --START--
[ 2012-09-21T21:45:42+08:00 ] /Ibike/?5=&p=9 | INFO: Run ContentReplace Behavior [ RunTime:0.001298s ]
[ 2012-09-21T21:45:42+08:00 ] /Ibike/?5=&p=9 | INFO: Run TokenBuild Behavior [ RunTime:0.001462s ]
[ 2012-09-21T21:45:42+08:00 ] /Ibike/?5=&p=9 | INFO: Run WriteHtmlCache Behavior [ RunTime:0.001007s ]
[ 2012-09-21T21:45:42+08:00 ] /Ibike/?5=&p=9 | INFO: Run ShowRuntime Behavior [ RunTime:0.001340s ]
[ 2012-09-21T21:45:42+08:00 ] /Ibike/?5=&p=9 | INFO: Tag[ view_filter ] --END-- [ RunTime:0.005468s ]
[ 2012-09-21T21:45:42+08:00 ] /Ibike/?5=&p=9 | INFO: Tag[ view_end ] --START--
[ 2012-09-21T21:45:42+08:00 ] /Ibike/?5=&p=9 | INFO: Run ShowPageTrace Behavior [ RunTime:0.001447s ]
[ 2012-09-21T21:45:42+08:00 ] /Ibike/?5=&p=9 | INFO: Tag[ view_end ] --END-- [ RunTime:0.001568s ]
[ 2012-09-21T21:45:42+08:00 ] /Ibike/index.php/Public/verify | INFO: Tag[ route_check ] --START--
[ 2012-09-21T21:45:42+08:00 ] /Ibike/index.php/Public/verify | INFO: Run CheckRoute Behavior [ RunTime:0.001571s ]
[ 2012-09-21T21:45:42+08:00 ] /Ibike/index.php/Public/verify | INFO: Tag[ route_check ] --END-- [ RunTime:0.001720s ]
[ 2012-09-21T21:45:42+08:00 ] /Ibike/index.php/Public/verify | INFO: Tag[ app_begin ] --START--
[ 2012-09-21T21:45:42+08:00 ] /Ibike/index.php/Public/verify | INFO: Run ReadHtmlCache Behavior [ RunTime:0.001034s ]
[ 2012-09-21T21:45:42+08:00 ] /Ibike/index.php/Public/verify | INFO: Tag[ app_begin ] --END-- [ RunTime:0.001121s ]
[ 2012-09-21T21:45:42+08:00 ] /Ibike/index.php/Public/verify | NOTIC: [8] Use of undefined constant png - assumed 'png' PublicAction.class.php Á¨¨ 8 Ë°å.
