[ 2013-03-18T21:24:39+08:00 ] /Ibike/ | INFO: Tag[ app_begin ] --START--
[ 2013-03-18T21:24:39+08:00 ] /Ibike/ | INFO: Run ReadHtmlCache Behavior [ RunTime:0.035581s ]
[ 2013-03-18T21:24:39+08:00 ] /Ibike/ | INFO: Tag[ app_begin ] --END-- [ RunTime:0.061263s ]
[ 2013-03-18T21:24:39+08:00 ] /Ibike/ | INFO: Tag[ view_template ] --START--
[ 2013-03-18T21:24:39+08:00 ] /Ibike/ | INFO: Run LocationTemplate Behavior [ RunTime:0.029045s ]
[ 2013-03-18T21:24:39+08:00 ] /Ibike/ | INFO: Tag[ view_template ] --END-- [ RunTime:0.029163s ]
[ 2013-03-18T21:24:39+08:00 ] /Ibike/ | INFO: Tag[ view_parse ] --START--
[ 2013-03-18T21:24:39+08:00 ] /Ibike/ | NOTIC: [8] Undefined variable: list 7e4848229090366086cc7eeb3bfc0798.php 第 11 行.
[ 2013-03-18T21:24:39+08:00 ] /Ibike/ | NOTIC: [8] Undefined variable: page 7e4848229090366086cc7eeb3bfc0798.php 第 14 行.
[ 2013-03-18T21:24:39+08:00 ] /Ibike/ | INFO: Run ParseTemplate Behavior [ RunTime:0.111721s ]
[ 2013-03-18T21:24:39+08:00 ] /Ibike/ | INFO: Tag[ view_parse ] --END-- [ RunTime:0.111797s ]
[ 2013-03-18T21:24:39+08:00 ] /Ibike/ | INFO: Tag[ view_filter ] --START--
[ 2013-03-18T21:24:39+08:00 ] /Ibike/ | INFO: Run ContentReplace Behavior [ RunTime:0.048802s ]
[ 2013-03-18T21:24:39+08:00 ] /Ibike/ | INFO: Run TokenBuild Behavior [ RunTime:0.019294s ]
[ 2013-03-18T21:24:39+08:00 ] /Ibike/ | INFO: Run WriteHtmlCache Behavior [ RunTime:0.018410s ]
[ 2013-03-18T21:24:39+08:00 ] /Ibike/ | INFO: Run ShowRuntime Behavior [ RunTime:0.017100s ]
[ 2013-03-18T21:24:39+08:00 ] /Ibike/ | INFO: Tag[ view_filter ] --END-- [ RunTime:0.103978s ]
[ 2013-03-18T21:24:39+08:00 ] /Ibike/ | INFO: Tag[ view_end ] --START--
[ 2013-03-18T21:24:39+08:00 ] /Ibike/ | INFO: Run ShowPageTrace Behavior [ RunTime:0.011818s ]
[ 2013-03-18T21:24:39+08:00 ] /Ibike/ | INFO: Tag[ view_end ] --END-- [ RunTime:0.011908s ]
[ 2013-03-18T21:35:24+08:00 ] /Ibike/index.php/Search/index | INFO: Tag[ route_check ] --START--
[ 2013-03-18T21:35:24+08:00 ] /Ibike/index.php/Search/index | INFO: Run CheckRoute Behavior [ RunTime:0.011400s ]
[ 2013-03-18T21:35:24+08:00 ] /Ibike/index.php/Search/index | INFO: Tag[ route_check ] --END-- [ RunTime:0.011570s ]
[ 2013-03-18T21:35:24+08:00 ] /Ibike/index.php/Search/index | INFO: Tag[ app_begin ] --START--
[ 2013-03-18T21:35:24+08:00 ] /Ibike/index.php/Search/index | INFO: Run ReadHtmlCache Behavior [ RunTime:0.001373s ]
[ 2013-03-18T21:35:24+08:00 ] /Ibike/index.php/Search/index | INFO: Tag[ app_begin ] --END-- [ RunTime:0.001463s ]
[ 2013-03-18T21:35:24+08:00 ] /Ibike/index.php/Search/index | NOTIC: [2048] Redefining already defined constructor for class PSCWS2 pscws2.class.php 第 144 行.
[ 2013-03-18T21:35:24+08:00 ] /Ibike/index.php/Search/index | NOTIC: [2048] Redefining already defined constructor for class PSCWS23_Dict dict.class.php 第 48 行.
[ 2013-03-18T21:35:24+08:00 ] /Ibike/index.php/Search/index | NOTIC: [2048] Redefining already defined constructor for class xdb_Dictionary dict.class.php 第 148 行.
[ 2013-03-18T21:35:24+08:00 ] /Ibike/index.php/Search/index | NOTIC: [2048] Redefining already defined constructor for class dba_Dictionary dict.class.php 第 201 行.
[ 2013-03-18T21:35:24+08:00 ] /Ibike/index.php/Search/index | NOTIC: [2048] Redefining already defined constructor for class sql_Dictionary dict.class.php 第 257 行.
[ 2013-03-18T21:35:24+08:00 ] /Ibike/index.php/Search/index | NOTIC: [2048] Redefining already defined constructor for class txt_Dictionary dict.class.php 第 315 行.
[ 2013-03-18T21:35:24+08:00 ] /Ibike/index.php/Search/index | NOTIC: [2048] Redefining already defined constructor for class XDB_R xdb_r.class.php 第 34 行.
[ 2013-03-18T21:35:24+08:00 ] /Ibike/index.php/Search/index | NOTIC: [8] Only variable references should be returned by reference pscws2.class.php 第 370 行.
[ 2013-03-18T21:35:25+08:00 ] /Ibike/index.php/Search/index | SQL: SHOW COLUMNS FROM `think_goods` [ RunTime:0.083060s ]
[ 2013-03-18T21:35:25+08:00 ] /Ibike/index.php/Search/index | SQL: SELECT goods_name FROM think_goods [ RunTime:0.027430s ]
[ 2013-03-18T21:35:38+08:00 ] /Ibike/index.php/Search/index | INFO: Tag[ route_check ] --START--
[ 2013-03-18T21:35:38+08:00 ] /Ibike/index.php/Search/index | INFO: Run CheckRoute Behavior [ RunTime:0.001361s ]
[ 2013-03-18T21:35:38+08:00 ] /Ibike/index.php/Search/index | INFO: Tag[ route_check ] --END-- [ RunTime:0.001507s ]
[ 2013-03-18T21:35:38+08:00 ] /Ibike/index.php/Search/index | INFO: Tag[ app_begin ] --START--
[ 2013-03-18T21:35:38+08:00 ] /Ibike/index.php/Search/index | INFO: Run ReadHtmlCache Behavior [ RunTime:0.001121s ]
[ 2013-03-18T21:35:38+08:00 ] /Ibike/index.php/Search/index | INFO: Tag[ app_begin ] --END-- [ RunTime:0.001209s ]
[ 2013-03-18T21:35:38+08:00 ] /Ibike/index.php/Search/index | NOTIC: [2048] Redefining already defined constructor for class PSCWS2 pscws2.class.php 第 144 行.
[ 2013-03-18T21:35:38+08:00 ] /Ibike/index.php/Search/index | NOTIC: [2048] Redefining already defined constructor for class PSCWS23_Dict dict.class.php 第 48 行.
[ 2013-03-18T21:35:38+08:00 ] /Ibike/index.php/Search/index | NOTIC: [2048] Redefining already defined constructor for class xdb_Dictionary dict.class.php 第 148 行.
[ 2013-03-18T21:35:38+08:00 ] /Ibike/index.php/Search/index | NOTIC: [2048] Redefining already defined constructor for class dba_Dictionary dict.class.php 第 201 行.
[ 2013-03-18T21:35:38+08:00 ] /Ibike/index.php/Search/index | NOTIC: [2048] Redefining already defined constructor for class sql_Dictionary dict.class.php 第 257 行.
[ 2013-03-18T21:35:38+08:00 ] /Ibike/index.php/Search/index | NOTIC: [2048] Redefining already defined constructor for class txt_Dictionary dict.class.php 第 315 行.
[ 2013-03-18T21:35:38+08:00 ] /Ibike/index.php/Search/index | NOTIC: [2048] Redefining already defined constructor for class XDB_R xdb_r.class.php 第 34 行.
[ 2013-03-18T21:35:38+08:00 ] /Ibike/index.php/Search/index | NOTIC: [8] Only variable references should be returned by reference pscws2.class.php 第 370 行.
[ 2013-03-18T21:35:38+08:00 ] /Ibike/index.php/Search/index | SQL: SHOW COLUMNS FROM `think_goods` [ RunTime:0.005471s ]
[ 2013-03-18T21:35:38+08:00 ] /Ibike/index.php/Search/index | SQL: SELECT goods_name FROM think_goods [ RunTime:0.000843s ]
